{"/Users/zkreiser/Documents/Diningv2/client/app/lib/api-utility.js": {"path":"/Users/zkreiser/Documents/Diningv2/client/app/lib/api-utility.js","statementMap":{"0":{"start":{"line":2,"column":21},"end":{"line":2,"column":52}},"1":{"start":{"line":10,"column":19},"end":{"line":34,"column":1}},"2":{"start":{"line":11,"column":4},"end":{"line":33,"column":5}},"3":{"start":{"line":15,"column":28},"end":{"line":15,"column":53}},"4":{"start":{"line":18,"column":20},"end":{"line":18,"column":52}},"5":{"start":{"line":22,"column":25},"end":{"line":22,"column":41}},"6":{"start":{"line":26,"column":8},"end":{"line":26,"column":63}},"7":{"start":{"line":26,"column":26},"end":{"line":26,"column":63}},"8":{"start":{"line":27,"column":21},"end":{"line":27,"column":42}},"9":{"start":{"line":28,"column":8},"end":{"line":28,"column":20}},"10":{"start":{"line":32,"column":8},"end":{"line":32,"column":16}},"11":{"start":{"line":41,"column":20},"end":{"line":66,"column":1}},"12":{"start":{"line":42,"column":4},"end":{"line":65,"column":5}},"13":{"start":{"line":43,"column":27},"end":{"line":50,"column":9}},"14":{"start":{"line":53,"column":20},"end":{"line":53,"column":38}},"15":{"start":{"line":55,"column":25},"end":{"line":55,"column":53}},"16":{"start":{"line":59,"column":8},"end":{"line":59,"column":63}},"17":{"start":{"line":59,"column":26},"end":{"line":59,"column":63}},"18":{"start":{"line":60,"column":8},"end":{"line":60,"column":15}},"19":{"start":{"line":64,"column":8},"end":{"line":64,"column":16}},"20":{"start":{"line":74,"column":21},"end":{"line":95,"column":1}},"21":{"start":{"line":77,"column":4},"end":{"line":77,"column":32}},"22":{"start":{"line":77,"column":22},"end":{"line":77,"column":32}},"23":{"start":{"line":79,"column":17},"end":{"line":79,"column":41}},"24":{"start":{"line":83,"column":4},"end":{"line":83,"column":36}},"25":{"start":{"line":83,"column":26},"end":{"line":83,"column":36}},"26":{"start":{"line":85,"column":22},"end":{"line":85,"column":25}},"27":{"start":{"line":86,"column":21},"end":{"line":86,"column":22}},"28":{"start":{"line":87,"column":4},"end":{"line":92,"column":5}},"29":{"start":{"line":88,"column":8},"end":{"line":88,"column":47}},"30":{"start":{"line":88,"column":28},"end":{"line":88,"column":47}},"31":{"start":{"line":89,"column":22},"end":{"line":89,"column":38}},"32":{"start":{"line":90,"column":8},"end":{"line":90,"column":53}},"33":{"start":{"line":91,"column":8},"end":{"line":91,"column":21}},"34":{"start":{"line":94,"column":4},"end":{"line":94,"column":23}}},"fnMap":{"0":{"name":"(anonymous_0)","decl":{"start":{"line":10,"column":19},"end":{"line":10,"column":20}},"loc":{"start":{"line":10,"column":47},"end":{"line":34,"column":1}},"line":10},"1":{"name":"(anonymous_1)","decl":{"start":{"line":41,"column":20},"end":{"line":41,"column":21}},"loc":{"start":{"line":41,"column":48},"end":{"line":66,"column":1}},"line":41},"2":{"name":"(anonymous_2)","decl":{"start":{"line":74,"column":21},"end":{"line":74,"column":22}},"loc":{"start":{"line":74,"column":38},"end":{"line":95,"column":1}},"line":74}},"branchMap":{"0":{"loc":{"start":{"line":26,"column":8},"end":{"line":26,"column":63}},"type":"if","locations":[{"start":{"line":26,"column":8},"end":{"line":26,"column":63}},{"start":{"line":26,"column":8},"end":{"line":26,"column":63}}],"line":26},"1":{"loc":{"start":{"line":59,"column":8},"end":{"line":59,"column":63}},"type":"if","locations":[{"start":{"line":59,"column":8},"end":{"line":59,"column":63}},{"start":{"line":59,"column":8},"end":{"line":59,"column":63}}],"line":59},"2":{"loc":{"start":{"line":77,"column":4},"end":{"line":77,"column":32}},"type":"if","locations":[{"start":{"line":77,"column":4},"end":{"line":77,"column":32}},{"start":{"line":77,"column":4},"end":{"line":77,"column":32}}],"line":77},"3":{"loc":{"start":{"line":83,"column":4},"end":{"line":83,"column":36}},"type":"if","locations":[{"start":{"line":83,"column":4},"end":{"line":83,"column":36}},{"start":{"line":83,"column":4},"end":{"line":83,"column":36}}],"line":83},"4":{"loc":{"start":{"line":88,"column":8},"end":{"line":88,"column":47}},"type":"if","locations":[{"start":{"line":88,"column":8},"end":{"line":88,"column":47}},{"start":{"line":88,"column":8},"end":{"line":88,"column":47}}],"line":88}},"s":{"0":4,"1":4,"2":2,"3":2,"4":2,"5":2,"6":1,"7":0,"8":1,"9":1,"10":1,"11":4,"12":0,"13":0,"14":0,"15":0,"16":0,"17":0,"18":0,"19":0,"20":4,"21":2,"22":2,"23":0,"24":0,"25":0,"26":0,"27":0,"28":0,"29":0,"30":0,"31":0,"32":0,"33":0,"34":0},"f":{"0":2,"1":0,"2":2},"b":{"0":[0,1],"1":[0,0],"2":[2,0],"3":[0,0],"4":[0,0]},"_coverageSchema":"43e27e138ebf9cfc5966b082cf9a028302ed4184","hash":"7aaf369a67759ed98210f6a51debef70d0a7f76d"}
,"/Users/zkreiser/Documents/Diningv2/client/app/redux/actions/ApplicationStateActions.js": {"path":"/Users/zkreiser/Documents/Diningv2/client/app/redux/actions/ApplicationStateActions.js","statementMap":{"0":{"start":{"line":7,"column":4},"end":{"line":12,"column":5}},"1":{"start":{"line":16,"column":4},"end":{"line":18,"column":5}}},"fnMap":{"0":{"name":"startLoading","decl":{"start":{"line":6,"column":16},"end":{"line":6,"column":28}},"loc":{"start":{"line":6,"column":38},"end":{"line":13,"column":1}},"line":6},"1":{"name":"finishLoading","decl":{"start":{"line":15,"column":16},"end":{"line":15,"column":29}},"loc":{"start":{"line":15,"column":32},"end":{"line":19,"column":1}},"line":15}},"branchMap":{"0":{"loc":{"start":{"line":10,"column":21},"end":{"line":10,"column":44}},"type":"binary-expr","locations":[{"start":{"line":10,"column":21},"end":{"line":10,"column":28}},{"start":{"line":10,"column":32},"end":{"line":10,"column":44}}],"line":10}},"s":{"0":0,"1":0},"f":{"0":0,"1":0},"b":{"0":[0,0]},"_coverageSchema":"43e27e138ebf9cfc5966b082cf9a028302ed4184","hash":"51be28896cd16a101900983bd54341f63cbfb40c"}
,"/Users/zkreiser/Documents/Diningv2/client/app/redux/actions/DiningHallInformationActions.js": {"path":"/Users/zkreiser/Documents/Diningv2/client/app/redux/actions/DiningHallInformationActions.js","statementMap":{"0":{"start":{"line":24,"column":20},"end":{"line":26,"column":5}},"1":{"start":{"line":25,"column":8},"end":{"line":25,"column":71}},"2":{"start":{"line":34,"column":20},"end":{"line":41,"column":5}},"3":{"start":{"line":35,"column":8},"end":{"line":40,"column":9}},"4":{"start":{"line":48,"column":20},"end":{"line":53,"column":5}},"5":{"start":{"line":49,"column":8},"end":{"line":52,"column":9}},"6":{"start":{"line":58,"column":4},"end":{"line":66,"column":5}},"7":{"start":{"line":59,"column":8},"end":{"line":59,"column":28}},"8":{"start":{"line":60,"column":8},"end":{"line":65,"column":9}},"9":{"start":{"line":61,"column":32},"end":{"line":61,"column":59}},"10":{"start":{"line":62,"column":12},"end":{"line":62,"column":43}},"11":{"start":{"line":64,"column":12},"end":{"line":64,"column":41}}},"fnMap":{"0":{"name":"getAllDiningHallsInformation","decl":{"start":{"line":17,"column":16},"end":{"line":17,"column":44}},"loc":{"start":{"line":17,"column":47},"end":{"line":67,"column":1}},"line":17},"1":{"name":"(anonymous_1)","decl":{"start":{"line":24,"column":20},"end":{"line":24,"column":21}},"loc":{"start":{"line":24,"column":26},"end":{"line":26,"column":5}},"line":24},"2":{"name":"(anonymous_2)","decl":{"start":{"line":34,"column":20},"end":{"line":34,"column":21}},"loc":{"start":{"line":34,"column":37},"end":{"line":41,"column":5}},"line":34},"3":{"name":"(anonymous_3)","decl":{"start":{"line":48,"column":20},"end":{"line":48,"column":21}},"loc":{"start":{"line":48,"column":38},"end":{"line":53,"column":5}},"line":48},"4":{"name":"(anonymous_4)","decl":{"start":{"line":58,"column":11},"end":{"line":58,"column":12}},"loc":{"start":{"line":58,"column":31},"end":{"line":66,"column":5}},"line":58}},"branchMap":{},"s":{"0":2,"1":2,"2":2,"3":1,"4":2,"5":1,"6":2,"7":2,"8":2,"9":2,"10":1,"11":1},"f":{"0":2,"1":2,"2":1,"3":1,"4":2},"b":{},"_coverageSchema":"43e27e138ebf9cfc5966b082cf9a028302ed4184","hash":"59f3175256b12979b7408c88502e28322e7d354e"}
,"/Users/zkreiser/Documents/Diningv2/client/app/redux/actions/FavoritesActions.js": {"path":"/Users/zkreiser/Documents/Diningv2/client/app/redux/actions/FavoritesActions.js","statementMap":{"0":{"start":{"line":5,"column":20},"end":{"line":7,"column":5}},"1":{"start":{"line":6,"column":8},"end":{"line":6,"column":52}},"2":{"start":{"line":9,"column":20},"end":{"line":16,"column":5}},"3":{"start":{"line":10,"column":8},"end":{"line":15,"column":9}},"4":{"start":{"line":18,"column":20},"end":{"line":23,"column":5}},"5":{"start":{"line":19,"column":8},"end":{"line":22,"column":9}},"6":{"start":{"line":25,"column":4},"end":{"line":35,"column":5}},"7":{"start":{"line":26,"column":8},"end":{"line":26,"column":28}},"8":{"start":{"line":27,"column":8},"end":{"line":34,"column":9}},"9":{"start":{"line":28,"column":30},"end":{"line":30,"column":15}},"10":{"start":{"line":31,"column":12},"end":{"line":31,"column":41}},"11":{"start":{"line":33,"column":12},"end":{"line":33,"column":41}},"12":{"start":{"line":39,"column":4},"end":{"line":45,"column":5}},"13":{"start":{"line":49,"column":4},"end":{"line":54,"column":5}}},"fnMap":{"0":{"name":"getFavorites","decl":{"start":{"line":4,"column":16},"end":{"line":4,"column":28}},"loc":{"start":{"line":4,"column":40},"end":{"line":36,"column":1}},"line":4},"1":{"name":"(anonymous_1)","decl":{"start":{"line":5,"column":20},"end":{"line":5,"column":21}},"loc":{"start":{"line":5,"column":26},"end":{"line":7,"column":5}},"line":5},"2":{"name":"(anonymous_2)","decl":{"start":{"line":9,"column":20},"end":{"line":9,"column":21}},"loc":{"start":{"line":9,"column":35},"end":{"line":16,"column":5}},"line":9},"3":{"name":"(anonymous_3)","decl":{"start":{"line":18,"column":20},"end":{"line":18,"column":21}},"loc":{"start":{"line":18,"column":38},"end":{"line":23,"column":5}},"line":18},"4":{"name":"(anonymous_4)","decl":{"start":{"line":25,"column":11},"end":{"line":25,"column":12}},"loc":{"start":{"line":25,"column":31},"end":{"line":35,"column":5}},"line":25},"5":{"name":"addFavorite","decl":{"start":{"line":38,"column":16},"end":{"line":38,"column":27}},"loc":{"start":{"line":38,"column":54},"end":{"line":46,"column":1}},"line":38},"6":{"name":"removeFavorite","decl":{"start":{"line":48,"column":16},"end":{"line":48,"column":30}},"loc":{"start":{"line":48,"column":43},"end":{"line":55,"column":1}},"line":48}},"branchMap":{},"s":{"0":0,"1":0,"2":0,"3":0,"4":0,"5":0,"6":0,"7":0,"8":0,"9":0,"10":0,"11":0,"12":0,"13":0},"f":{"0":0,"1":0,"2":0,"3":0,"4":0,"5":0,"6":0},"b":{},"_coverageSchema":"43e27e138ebf9cfc5966b082cf9a028302ed4184","hash":"fafb8d9ead2fb7119e1cb0bc1ddbef9e10428b00"}
,"/Users/zkreiser/Documents/Diningv2/client/app/redux/actions/FilterActions.js": {"path":"/Users/zkreiser/Documents/Diningv2/client/app/redux/actions/FilterActions.js","statementMap":{"0":{"start":{"line":5,"column":20},"end":{"line":7,"column":5}},"1":{"start":{"line":6,"column":8},"end":{"line":6,"column":50}},"2":{"start":{"line":9,"column":20},"end":{"line":16,"column":5}},"3":{"start":{"line":10,"column":8},"end":{"line":15,"column":9}},"4":{"start":{"line":18,"column":20},"end":{"line":23,"column":5}},"5":{"start":{"line":19,"column":8},"end":{"line":22,"column":9}},"6":{"start":{"line":25,"column":4},"end":{"line":35,"column":5}},"7":{"start":{"line":26,"column":8},"end":{"line":26,"column":28}},"8":{"start":{"line":27,"column":8},"end":{"line":34,"column":9}},"9":{"start":{"line":28,"column":28},"end":{"line":30,"column":15}},"10":{"start":{"line":31,"column":12},"end":{"line":31,"column":39}},"11":{"start":{"line":33,"column":12},"end":{"line":33,"column":41}},"12":{"start":{"line":39,"column":4},"end":{"line":44,"column":5}},"13":{"start":{"line":48,"column":4},"end":{"line":53,"column":5}}},"fnMap":{"0":{"name":"getFilters","decl":{"start":{"line":4,"column":16},"end":{"line":4,"column":26}},"loc":{"start":{"line":4,"column":38},"end":{"line":36,"column":1}},"line":4},"1":{"name":"(anonymous_1)","decl":{"start":{"line":5,"column":20},"end":{"line":5,"column":21}},"loc":{"start":{"line":5,"column":26},"end":{"line":7,"column":5}},"line":5},"2":{"name":"(anonymous_2)","decl":{"start":{"line":9,"column":20},"end":{"line":9,"column":21}},"loc":{"start":{"line":9,"column":33},"end":{"line":16,"column":5}},"line":9},"3":{"name":"(anonymous_3)","decl":{"start":{"line":18,"column":20},"end":{"line":18,"column":21}},"loc":{"start":{"line":18,"column":38},"end":{"line":23,"column":5}},"line":18},"4":{"name":"(anonymous_4)","decl":{"start":{"line":25,"column":11},"end":{"line":25,"column":12}},"loc":{"start":{"line":25,"column":31},"end":{"line":35,"column":5}},"line":25},"5":{"name":"addFilter","decl":{"start":{"line":38,"column":16},"end":{"line":38,"column":25}},"loc":{"start":{"line":38,"column":36},"end":{"line":45,"column":1}},"line":38},"6":{"name":"removeFilter","decl":{"start":{"line":47,"column":16},"end":{"line":47,"column":28}},"loc":{"start":{"line":47,"column":39},"end":{"line":54,"column":1}},"line":47}},"branchMap":{},"s":{"0":0,"1":0,"2":0,"3":0,"4":0,"5":0,"6":0,"7":0,"8":0,"9":0,"10":0,"11":0,"12":0,"13":0},"f":{"0":0,"1":0,"2":0,"3":0,"4":0,"5":0,"6":0},"b":{},"_coverageSchema":"43e27e138ebf9cfc5966b082cf9a028302ed4184","hash":"ca4dd0551c53dd986610b35e6aeeace0c5a99964"}
,"/Users/zkreiser/Documents/Diningv2/client/app/redux/actions/IncrementingActions.js": {"path":"/Users/zkreiser/Documents/Diningv2/client/app/redux/actions/IncrementingActions.js","statementMap":{"0":{"start":{"line":7,"column":4},"end":{"line":9,"column":5}},"1":{"start":{"line":13,"column":4},"end":{"line":15,"column":5}}},"fnMap":{"0":{"name":"increaseMe","decl":{"start":{"line":6,"column":16},"end":{"line":6,"column":26}},"loc":{"start":{"line":6,"column":29},"end":{"line":10,"column":1}},"line":6},"1":{"name":"decreaseMe","decl":{"start":{"line":12,"column":16},"end":{"line":12,"column":26}},"loc":{"start":{"line":12,"column":29},"end":{"line":16,"column":1}},"line":12}},"branchMap":{},"s":{"0":0,"1":0},"f":{"0":0,"1":0},"b":{},"_coverageSchema":"43e27e138ebf9cfc5966b082cf9a028302ed4184","hash":"5f49429db924b8907b4f8a6a4fa4dab2437db5cc"}
,"/Users/zkreiser/Documents/Diningv2/client/app/redux/actions/MenuActions.js": {"path":"/Users/zkreiser/Documents/Diningv2/client/app/redux/actions/MenuActions.js","statementMap":{"0":{"start":{"line":10,"column":20},"end":{"line":12,"column":5}},"1":{"start":{"line":11,"column":8},"end":{"line":11,"column":60}},"2":{"start":{"line":18,"column":20},"end":{"line":25,"column":5}},"3":{"start":{"line":19,"column":8},"end":{"line":24,"column":10}},"4":{"start":{"line":30,"column":20},"end":{"line":35,"column":5}},"5":{"start":{"line":31,"column":8},"end":{"line":34,"column":10}},"6":{"start":{"line":40,"column":4},"end":{"line":51,"column":6}},"7":{"start":{"line":41,"column":8},"end":{"line":41,"column":28}},"8":{"start":{"line":42,"column":8},"end":{"line":50,"column":9}},"9":{"start":{"line":43,"column":26},"end":{"line":46,"column":14}},"10":{"start":{"line":47,"column":12},"end":{"line":47,"column":37}},"11":{"start":{"line":49,"column":12},"end":{"line":49,"column":41}}},"fnMap":{"0":{"name":"getMenus","decl":{"start":{"line":4,"column":16},"end":{"line":4,"column":24}},"loc":{"start":{"line":4,"column":37},"end":{"line":52,"column":1}},"line":4},"1":{"name":"(anonymous_1)","decl":{"start":{"line":10,"column":20},"end":{"line":10,"column":21}},"loc":{"start":{"line":10,"column":26},"end":{"line":12,"column":5}},"line":10},"2":{"name":"(anonymous_2)","decl":{"start":{"line":18,"column":20},"end":{"line":18,"column":21}},"loc":{"start":{"line":18,"column":29},"end":{"line":25,"column":5}},"line":18},"3":{"name":"(anonymous_3)","decl":{"start":{"line":30,"column":20},"end":{"line":30,"column":21}},"loc":{"start":{"line":30,"column":36},"end":{"line":35,"column":5}},"line":30},"4":{"name":"(anonymous_4)","decl":{"start":{"line":40,"column":11},"end":{"line":40,"column":12}},"loc":{"start":{"line":40,"column":29},"end":{"line":51,"column":5}},"line":40}},"branchMap":{},"s":{"0":0,"1":0,"2":0,"3":0,"4":0,"5":0,"6":0,"7":0,"8":0,"9":0,"10":0,"11":0},"f":{"0":0,"1":0,"2":0,"3":0,"4":0},"b":{},"_coverageSchema":"43e27e138ebf9cfc5966b082cf9a028302ed4184","hash":"5a2b97224fda363551eb734354048cdbd92b5b16"}
,"/Users/zkreiser/Documents/Diningv2/client/app/redux/actions/MenuItemInformationActions.js": {"path":"/Users/zkreiser/Documents/Diningv2/client/app/redux/actions/MenuItemInformationActions.js","statementMap":{"0":{"start":{"line":5,"column":20},"end":{"line":7,"column":5}},"1":{"start":{"line":6,"column":8},"end":{"line":6,"column":65}},"2":{"start":{"line":9,"column":20},"end":{"line":16,"column":5}},"3":{"start":{"line":10,"column":8},"end":{"line":15,"column":10}},"4":{"start":{"line":18,"column":20},"end":{"line":23,"column":5}},"5":{"start":{"line":19,"column":8},"end":{"line":22,"column":10}},"6":{"start":{"line":25,"column":4},"end":{"line":35,"column":6}},"7":{"start":{"line":26,"column":8},"end":{"line":26,"column":28}},"8":{"start":{"line":27,"column":8},"end":{"line":34,"column":9}},"9":{"start":{"line":28,"column":29},"end":{"line":30,"column":74}},"10":{"start":{"line":31,"column":12},"end":{"line":31,"column":40}},"11":{"start":{"line":33,"column":12},"end":{"line":33,"column":41}}},"fnMap":{"0":{"name":"getMenuItemInformation","decl":{"start":{"line":4,"column":16},"end":{"line":4,"column":38}},"loc":{"start":{"line":4,"column":45},"end":{"line":36,"column":1}},"line":4},"1":{"name":"(anonymous_1)","decl":{"start":{"line":5,"column":20},"end":{"line":5,"column":21}},"loc":{"start":{"line":5,"column":26},"end":{"line":7,"column":5}},"line":5},"2":{"name":"(anonymous_2)","decl":{"start":{"line":9,"column":20},"end":{"line":9,"column":21}},"loc":{"start":{"line":9,"column":32},"end":{"line":16,"column":5}},"line":9},"3":{"name":"(anonymous_3)","decl":{"start":{"line":18,"column":20},"end":{"line":18,"column":21}},"loc":{"start":{"line":18,"column":36},"end":{"line":23,"column":5}},"line":18},"4":{"name":"(anonymous_4)","decl":{"start":{"line":25,"column":11},"end":{"line":25,"column":12}},"loc":{"start":{"line":25,"column":29},"end":{"line":35,"column":5}},"line":25}},"branchMap":{"0":{"loc":{"start":{"line":28,"column":29},"end":{"line":30,"column":74}},"type":"cond-expr","locations":[{"start":{"line":29,"column":18},"end":{"line":29,"column":22}},{"start":{"line":30,"column":18},"end":{"line":30,"column":74}}],"line":28}},"s":{"0":0,"1":0,"2":0,"3":0,"4":0,"5":0,"6":0,"7":0,"8":0,"9":0,"10":0,"11":0},"f":{"0":0,"1":0,"2":0,"3":0,"4":0},"b":{"0":[0,0]},"_coverageSchema":"43e27e138ebf9cfc5966b082cf9a028302ed4184","hash":"691ddc957646cae97daa814c055ee5b7b3b7acc0"}
,"/Users/zkreiser/Documents/Diningv2/client/app/redux/actions/UserInformationActions.js": {"path":"/Users/zkreiser/Documents/Diningv2/client/app/redux/actions/UserInformationActions.js","statementMap":{"0":{"start":{"line":4,"column":4},"end":{"line":9,"column":5}}},"fnMap":{"0":{"name":"saveUserNotificationID","decl":{"start":{"line":3,"column":16},"end":{"line":3,"column":38}},"loc":{"start":{"line":3,"column":55},"end":{"line":10,"column":1}},"line":3}},"branchMap":{},"s":{"0":0},"f":{"0":0},"b":{},"_coverageSchema":"43e27e138ebf9cfc5966b082cf9a028302ed4184","hash":"9b8456cbfd992260b9a0861152a943c8f6b32f37"}
,"/Users/zkreiser/Documents/Diningv2/client/app/redux/actions/index.js": {"path":"/Users/zkreiser/Documents/Diningv2/client/app/redux/actions/index.js","statementMap":{"0":{"start":{"line":10,"column":26},"end":{"line":19,"column":1}}},"fnMap":{},"branchMap":{},"s":{"0":3},"f":{},"b":{},"_coverageSchema":"43e27e138ebf9cfc5966b082cf9a028302ed4184","hash":"4bc6c9d407f7a3b54ad333d65886f3ee786a22b2"}
,"/Users/zkreiser/Documents/Diningv2/client/app/redux/actions/types.js": {"path":"/Users/zkreiser/Documents/Diningv2/client/app/redux/actions/types.js","statementMap":{"0":{"start":{"line":1,"column":27},"end":{"line":1,"column":40}},"1":{"start":{"line":2,"column":27},"end":{"line":2,"column":40}},"2":{"start":{"line":4,"column":33},"end":{"line":4,"column":52}},"3":{"start":{"line":5,"column":34},"end":{"line":5,"column":54}},"4":{"start":{"line":7,"column":56},"end":{"line":7,"column":98}},"5":{"start":{"line":8,"column":56},"end":{"line":8,"column":98}},"6":{"start":{"line":9,"column":56},"end":{"line":9,"column":98}},"7":{"start":{"line":11,"column":44},"end":{"line":11,"column":74}},"8":{"start":{"line":12,"column":44},"end":{"line":12,"column":74}},"9":{"start":{"line":13,"column":44},"end":{"line":13,"column":74}},"10":{"start":{"line":15,"column":49},"end":{"line":15,"column":84}},"11":{"start":{"line":16,"column":49},"end":{"line":16,"column":84}},"12":{"start":{"line":17,"column":49},"end":{"line":17,"column":84}},"13":{"start":{"line":19,"column":35},"end":{"line":19,"column":56}},"14":{"start":{"line":20,"column":35},"end":{"line":20,"column":56}},"15":{"start":{"line":21,"column":35},"end":{"line":21,"column":56}},"16":{"start":{"line":22,"column":26},"end":{"line":22,"column":38}},"17":{"start":{"line":23,"column":29},"end":{"line":23,"column":44}},"18":{"start":{"line":25,"column":37},"end":{"line":25,"column":60}},"19":{"start":{"line":26,"column":37},"end":{"line":26,"column":60}},"20":{"start":{"line":27,"column":37},"end":{"line":27,"column":60}},"21":{"start":{"line":28,"column":28},"end":{"line":28,"column":42}},"22":{"start":{"line":29,"column":31},"end":{"line":29,"column":48}},"23":{"start":{"line":31,"column":41},"end":{"line":31,"column":68}}},"fnMap":{},"branchMap":{},"s":{"0":4,"1":4,"2":4,"3":4,"4":4,"5":4,"6":4,"7":4,"8":4,"9":4,"10":4,"11":4,"12":4,"13":4,"14":4,"15":4,"16":4,"17":4,"18":4,"19":4,"20":4,"21":4,"22":4,"23":4},"f":{},"b":{},"_coverageSchema":"43e27e138ebf9cfc5966b082cf9a028302ed4184","hash":"4bd4b05d2f8dc170dae6b738f34dd1296b0eaf4f"}
,"/Users/zkreiser/Documents/Diningv2/client/app/redux/lib/createReducer.js": {"path":"/Users/zkreiser/Documents/Diningv2/client/app/redux/lib/createReducer.js","statementMap":{"0":{"start":{"line":5,"column":4},"end":{"line":11,"column":5}},"1":{"start":{"line":6,"column":8},"end":{"line":10,"column":9}},"2":{"start":{"line":7,"column":12},"end":{"line":7,"column":56}},"3":{"start":{"line":9,"column":12},"end":{"line":9,"column":25}}},"fnMap":{"0":{"name":"createReducer","decl":{"start":{"line":4,"column":24},"end":{"line":4,"column":37}},"loc":{"start":{"line":4,"column":62},"end":{"line":12,"column":1}},"line":4},"1":{"name":"reducer","decl":{"start":{"line":5,"column":20},"end":{"line":5,"column":27}},"loc":{"start":{"line":5,"column":58},"end":{"line":11,"column":5}},"line":5}},"branchMap":{"0":{"loc":{"start":{"line":5,"column":28},"end":{"line":5,"column":48}},"type":"default-arg","locations":[{"start":{"line":5,"column":36},"end":{"line":5,"column":48}}],"line":5},"1":{"loc":{"start":{"line":6,"column":8},"end":{"line":10,"column":9}},"type":"if","locations":[{"start":{"line":6,"column":8},"end":{"line":10,"column":9}},{"start":{"line":6,"column":8},"end":{"line":10,"column":9}}],"line":6}},"s":{"0":3,"1":11,"2":11,"3":0},"f":{"0":3,"1":11},"b":{"0":[0],"1":[11,0]},"_coverageSchema":"43e27e138ebf9cfc5966b082cf9a028302ed4184","hash":"73bfb8af5574ed7cccf46eced597f52dd61de032"}
,"/Users/zkreiser/Documents/Diningv2/client/app/redux/lib/stateProperties.js": {"path":"/Users/zkreiser/Documents/Diningv2/client/app/redux/lib/stateProperties.js","statementMap":{},"fnMap":{},"branchMap":{},"s":{},"f":{},"b":{},"_coverageSchema":"43e27e138ebf9cfc5966b082cf9a028302ed4184","hash":"07c90fb5f580c680b2c7ba297b0269fbc6fbe827"}
,"/Users/zkreiser/Documents/Diningv2/client/app/redux/reducers/DiningHallInformationReducers.js": {"path":"/Users/zkreiser/Documents/Diningv2/client/app/redux/reducers/DiningHallInformationReducers.js","statementMap":{"0":{"start":{"line":10,"column":21},"end":{"line":16,"column":1}},"1":{"start":{"line":23,"column":31},"end":{"line":52,"column":2}},"2":{"start":{"line":25,"column":8},"end":{"line":29,"column":9}},"3":{"start":{"line":32,"column":34},"end":{"line":32,"column":60}},"4":{"start":{"line":33,"column":33},"end":{"line":33,"column":65}},"5":{"start":{"line":34,"column":8},"end":{"line":40,"column":9}},"6":{"start":{"line":43,"column":8},"end":{"line":50,"column":9}}},"fnMap":{"0":{"name":"(anonymous_0)","decl":{"start":{"line":24,"column":4},"end":{"line":24,"column":5}},"loc":{"start":{"line":24,"column":68},"end":{"line":30,"column":5}},"line":24},"1":{"name":"(anonymous_1)","decl":{"start":{"line":31,"column":4},"end":{"line":31,"column":5}},"loc":{"start":{"line":31,"column":68},"end":{"line":41,"column":5}},"line":31},"2":{"name":"(anonymous_2)","decl":{"start":{"line":42,"column":4},"end":{"line":42,"column":5}},"loc":{"start":{"line":42,"column":68},"end":{"line":51,"column":5}},"line":42}},"branchMap":{},"s":{"0":1,"1":1,"2":1,"3":1,"4":1,"5":1,"6":1},"f":{"0":1,"1":1,"2":1},"b":{},"_coverageSchema":"43e27e138ebf9cfc5966b082cf9a028302ed4184","hash":"c1a72d2773b2b9069ceb22cbfe22d949d2f73673"}
,"/Users/zkreiser/Documents/Diningv2/client/app/redux/reducers/FilterReducers.js": {"path":"/Users/zkreiser/Documents/Diningv2/client/app/redux/reducers/FilterReducers.js","statementMap":{"0":{"start":{"line":10,"column":21},"end":{"line":14,"column":1}},"1":{"start":{"line":21,"column":27},"end":{"line":68,"column":2}},"2":{"start":{"line":23,"column":8},"end":{"line":27,"column":9}},"3":{"start":{"line":30,"column":30},"end":{"line":30,"column":52}},"4":{"start":{"line":31,"column":8},"end":{"line":36,"column":9}},"5":{"start":{"line":39,"column":8},"end":{"line":45,"column":9}},"6":{"start":{"line":49,"column":30},"end":{"line":49,"column":46}},"7":{"start":{"line":50,"column":29},"end":{"line":50,"column":43}},"8":{"start":{"line":51,"column":8},"end":{"line":51,"column":39}},"9":{"start":{"line":53,"column":8},"end":{"line":56,"column":9}},"10":{"start":{"line":59,"column":30},"end":{"line":59,"column":46}},"11":{"start":{"line":60,"column":27},"end":{"line":60,"column":41}},"12":{"start":{"line":61,"column":8},"end":{"line":61,"column":40}},"13":{"start":{"line":63,"column":8},"end":{"line":66,"column":9}}},"fnMap":{"0":{"name":"(anonymous_0)","decl":{"start":{"line":22,"column":4},"end":{"line":22,"column":5}},"loc":{"start":{"line":22,"column":47},"end":{"line":28,"column":5}},"line":22},"1":{"name":"(anonymous_1)","decl":{"start":{"line":29,"column":4},"end":{"line":29,"column":5}},"loc":{"start":{"line":29,"column":47},"end":{"line":37,"column":5}},"line":29},"2":{"name":"(anonymous_2)","decl":{"start":{"line":38,"column":4},"end":{"line":38,"column":5}},"loc":{"start":{"line":38,"column":47},"end":{"line":46,"column":5}},"line":38},"3":{"name":"(anonymous_3)","decl":{"start":{"line":48,"column":4},"end":{"line":48,"column":5}},"loc":{"start":{"line":48,"column":38},"end":{"line":57,"column":5}},"line":48},"4":{"name":"(anonymous_4)","decl":{"start":{"line":58,"column":4},"end":{"line":58,"column":5}},"loc":{"start":{"line":58,"column":41},"end":{"line":67,"column":5}},"line":58}},"branchMap":{"0":{"loc":{"start":{"line":49,"column":30},"end":{"line":49,"column":46}},"type":"binary-expr","locations":[{"start":{"line":49,"column":30},"end":{"line":49,"column":40}},{"start":{"line":49,"column":44},"end":{"line":49,"column":46}}],"line":49},"1":{"loc":{"start":{"line":59,"column":30},"end":{"line":59,"column":46}},"type":"binary-expr","locations":[{"start":{"line":59,"column":30},"end":{"line":59,"column":40}},{"start":{"line":59,"column":44},"end":{"line":59,"column":46}}],"line":59}},"s":{"0":1,"1":1,"2":1,"3":1,"4":1,"5":1,"6":1,"7":1,"8":1,"9":1,"10":1,"11":1,"12":1,"13":1},"f":{"0":1,"1":1,"2":1,"3":1,"4":1},"b":{"0":[1,0],"1":[1,0]},"_coverageSchema":"43e27e138ebf9cfc5966b082cf9a028302ed4184","hash":"2ed57daee74d19f4f1c10dc3ccec24833da68656"}
,"/Users/zkreiser/Documents/Diningv2/client/app/redux/reducers/MenuReducers.js": {"path":"/Users/zkreiser/Documents/Diningv2/client/app/redux/reducers/MenuReducers.js","statementMap":{"0":{"start":{"line":10,"column":21},"end":{"line":15,"column":1}},"1":{"start":{"line":22,"column":25},"end":{"line":54,"column":2}},"2":{"start":{"line":24,"column":8},"end":{"line":28,"column":9}},"3":{"start":{"line":31,"column":28},"end":{"line":31,"column":48}},"4":{"start":{"line":32,"column":25},"end":{"line":32,"column":51}},"5":{"start":{"line":35,"column":8},"end":{"line":36,"column":57}},"6":{"start":{"line":36,"column":12},"end":{"line":36,"column":57}},"7":{"start":{"line":38,"column":8},"end":{"line":43,"column":9}},"8":{"start":{"line":46,"column":8},"end":{"line":52,"column":9}}},"fnMap":{"0":{"name":"(anonymous_0)","decl":{"start":{"line":23,"column":4},"end":{"line":23,"column":5}},"loc":{"start":{"line":23,"column":56},"end":{"line":29,"column":5}},"line":23},"1":{"name":"(anonymous_1)","decl":{"start":{"line":30,"column":4},"end":{"line":30,"column":5}},"loc":{"start":{"line":30,"column":56},"end":{"line":44,"column":5}},"line":30},"2":{"name":"(anonymous_2)","decl":{"start":{"line":45,"column":4},"end":{"line":45,"column":5}},"loc":{"start":{"line":45,"column":56},"end":{"line":53,"column":5}},"line":45}},"branchMap":{"0":{"loc":{"start":{"line":35,"column":8},"end":{"line":36,"column":57}},"type":"if","locations":[{"start":{"line":35,"column":8},"end":{"line":36,"column":57}},{"start":{"line":35,"column":8},"end":{"line":36,"column":57}}],"line":35}},"s":{"0":1,"1":1,"2":1,"3":1,"4":1,"5":1,"6":0,"7":1,"8":1},"f":{"0":1,"1":1,"2":1},"b":{"0":[0,1]},"_coverageSchema":"43e27e138ebf9cfc5966b082cf9a028302ed4184","hash":"8767722ed629b9666d0ee5314180049dca88706a"}
,"/Users/zkreiser/Documents/Diningv2/client/tst/config/constants.js": {"path":"/Users/zkreiser/Documents/Diningv2/client/tst/config/constants.js","statementMap":{"0":{"start":{"line":1,"column":28},"end":{"line":1,"column":59}}},"fnMap":{},"branchMap":{},"s":{"0":1},"f":{},"b":{},"_coverageSchema":"43e27e138ebf9cfc5966b082cf9a028302ed4184","hash":"de24600e4c1edd4fa5df7b816cf58193d90cab22"}
,"/Users/zkreiser/Documents/Diningv2/client/tst/config/responseObjects/filtersResponse.js": {"path":"/Users/zkreiser/Documents/Diningv2/client/tst/config/responseObjects/filtersResponse.js","statementMap":{"0":{"start":{"line":1,"column":32},"end":{"line":17,"column":5}}},"fnMap":{},"branchMap":{},"s":{"0":1},"f":{},"b":{},"_coverageSchema":"43e27e138ebf9cfc5966b082cf9a028302ed4184","hash":"3191d4513a49d5a2db04ff9ccfcd7f73ae7ffd3d"}
,"/Users/zkreiser/Documents/Diningv2/client/tst/config/responseObjects/locationsResponse.js": {"path":"/Users/zkreiser/Documents/Diningv2/client/tst/config/responseObjects/locationsResponse.js","statementMap":{"0":{"start":{"line":1,"column":33},"end":{"line":457,"column":1}}},"fnMap":{},"branchMap":{},"s":{"0":2},"f":{},"b":{},"_coverageSchema":"43e27e138ebf9cfc5966b082cf9a028302ed4184","hash":"75173117834cd40814a2d7f596fafd49542dc53b"}
,"/Users/zkreiser/Documents/Diningv2/client/tst/config/responseObjects/menusResponse.js": {"path":"/Users/zkreiser/Documents/Diningv2/client/tst/config/responseObjects/menusResponse.js","statementMap":{"0":{"start":{"line":1,"column":29},"end":{"line":2991,"column":5}}},"fnMap":{},"branchMap":{},"s":{"0":1},"f":{},"b":{},"_coverageSchema":"43e27e138ebf9cfc5966b082cf9a028302ed4184","hash":"b4c05ece6d53847a5e510326936d6b9ca9799714"}
,"/Users/zkreiser/Documents/Diningv2/client/tst/redux/utils/getAction.js": {"path":"/Users/zkreiser/Documents/Diningv2/client/tst/redux/utils/getAction.js","statementMap":{"0":{"start":{"line":2,"column":4},"end":{"line":2,"column":67}},"1":{"start":{"line":2,"column":45},"end":{"line":2,"column":65}},"2":{"start":{"line":6,"column":19},"end":{"line":6,"column":42}},"3":{"start":{"line":7,"column":4},"end":{"line":7,"column":47}},"4":{"start":{"line":7,"column":16},"end":{"line":7,"column":47}},"5":{"start":{"line":9,"column":4},"end":{"line":14,"column":7}},"6":{"start":{"line":10,"column":8},"end":{"line":13,"column":11}},"7":{"start":{"line":11,"column":27},"end":{"line":11,"column":50}},"8":{"start":{"line":12,"column":12},"end":{"line":12,"column":40}},"9":{"start":{"line":12,"column":24},"end":{"line":12,"column":40}}},"fnMap":{"0":{"name":"findAction","decl":{"start":{"line":1,"column":9},"end":{"line":1,"column":19}},"loc":{"start":{"line":1,"column":33},"end":{"line":3,"column":1}},"line":1},"1":{"name":"(anonymous_1)","decl":{"start":{"line":2,"column":35},"end":{"line":2,"column":36}},"loc":{"start":{"line":2,"column":45},"end":{"line":2,"column":65}},"line":2},"2":{"name":"getAction","decl":{"start":{"line":5,"column":16},"end":{"line":5,"column":25}},"loc":{"start":{"line":5,"column":39},"end":{"line":15,"column":1}},"line":5},"3":{"name":"(anonymous_3)","decl":{"start":{"line":9,"column":23},"end":{"line":9,"column":24}},"loc":{"start":{"line":9,"column":34},"end":{"line":14,"column":5}},"line":9},"4":{"name":"(anonymous_4)","decl":{"start":{"line":10,"column":24},"end":{"line":10,"column":25}},"loc":{"start":{"line":10,"column":30},"end":{"line":13,"column":9}},"line":10}},"branchMap":{"0":{"loc":{"start":{"line":7,"column":4},"end":{"line":7,"column":47}},"type":"if","locations":[{"start":{"line":7,"column":4},"end":{"line":7,"column":47}},{"start":{"line":7,"column":4},"end":{"line":7,"column":47}}],"line":7},"1":{"loc":{"start":{"line":12,"column":12},"end":{"line":12,"column":40}},"type":"if","locations":[{"start":{"line":12,"column":12},"end":{"line":12,"column":40}},{"start":{"line":12,"column":12},"end":{"line":12,"column":40}}],"line":12}},"s":{"0":6,"1":8,"2":4,"3":4,"4":2,"5":2,"6":2,"7":2,"8":2,"9":2},"f":{"0":6,"1":8,"2":4,"3":2,"4":2},"b":{"0":[2,2],"1":[2,0]},"_coverageSchema":"43e27e138ebf9cfc5966b082cf9a028302ed4184","hash":"a224c4e29381e06e7d5ac1a3af9b0440d5c7b839"}
,"/Users/zkreiser/Documents/Diningv2/client/tst/redux/utils/mockStore.js": {"path":"/Users/zkreiser/Documents/Diningv2/client/tst/redux/utils/mockStore.js","statementMap":{"0":{"start":{"line":4,"column":25},"end":{"line":4,"column":52}}},"fnMap":{},"branchMap":{},"s":{"0":1},"f":{},"b":{},"_coverageSchema":"43e27e138ebf9cfc5966b082cf9a028302ed4184","hash":"7da2b9ad4cde6d83dd4f063f381e55e9eb01d5f4"}
}
