TN:
SF:/Users/zkreiser/Documents/Diningv2/client/app/lib/api-utility.js
FN:10,(anonymous_0)
FN:41,(anonymous_1)
FN:74,(anonymous_2)
FNF:3
FNH:2
FNDA:2,(anonymous_0)
FNDA:0,(anonymous_1)
FNDA:2,(anonymous_2)
DA:2,3
DA:10,3
DA:11,2
DA:15,2
DA:18,2
DA:22,2
DA:26,1
DA:27,1
DA:28,1
DA:32,1
DA:41,3
DA:42,0
DA:43,0
DA:53,0
DA:55,0
DA:59,0
DA:60,0
DA:64,0
DA:74,3
DA:77,2
DA:79,0
DA:83,0
DA:85,0
DA:86,0
DA:87,0
DA:88,0
DA:89,0
DA:90,0
DA:91,0
DA:94,0
LF:30
LH:13
BRDA:26,0,0,0
BRDA:26,0,1,1
BRDA:59,1,0,0
BRDA:59,1,1,0
BRDA:77,2,0,2
BRDA:77,2,1,0
BRDA:83,3,0,0
BRDA:83,3,1,0
BRDA:88,4,0,0
BRDA:88,4,1,0
BRF:10
BRH:2
end_of_record
TN:
SF:/Users/zkreiser/Documents/Diningv2/client/app/redux/actions/ApplicationStateActions.js
FN:6,startLoading
FN:15,finishLoading
FNF:2
FNH:0
FNDA:0,startLoading
FNDA:0,finishLoading
DA:7,0
DA:16,0
LF:2
LH:0
BRDA:10,0,0,0
BRDA:10,0,1,0
BRF:2
BRH:0
end_of_record
TN:
SF:/Users/zkreiser/Documents/Diningv2/client/app/redux/actions/DiningHallInformationActions.js
FN:17,getAllDiningHallsInformation
FN:24,(anonymous_1)
FN:34,(anonymous_2)
FN:48,(anonymous_3)
FN:58,(anonymous_4)
FNF:5
FNH:5
FNDA:2,getAllDiningHallsInformation
FNDA:2,(anonymous_1)
FNDA:1,(anonymous_2)
FNDA:1,(anonymous_3)
FNDA:2,(anonymous_4)
DA:24,2
DA:25,2
DA:34,2
DA:35,1
DA:48,2
DA:49,1
DA:58,2
DA:59,2
DA:60,2
DA:61,2
DA:62,1
DA:64,1
LF:12
LH:12
BRF:0
BRH:0
end_of_record
TN:
SF:/Users/zkreiser/Documents/Diningv2/client/app/redux/actions/FavoritesActions.js
FN:4,getFavorites
FN:5,(anonymous_1)
FN:9,(anonymous_2)
FN:18,(anonymous_3)
FN:25,(anonymous_4)
FN:38,addFavorite
FN:48,removeFavorite
FNF:7
FNH:0
FNDA:0,getFavorites
FNDA:0,(anonymous_1)
FNDA:0,(anonymous_2)
FNDA:0,(anonymous_3)
FNDA:0,(anonymous_4)
FNDA:0,addFavorite
FNDA:0,removeFavorite
DA:5,0
DA:6,0
DA:9,0
DA:10,0
DA:18,0
DA:19,0
DA:25,0
DA:26,0
DA:27,0
DA:28,0
DA:31,0
DA:33,0
DA:39,0
DA:49,0
LF:14
LH:0
BRF:0
BRH:0
end_of_record
TN:
SF:/Users/zkreiser/Documents/Diningv2/client/app/redux/actions/FilterActions.js
FN:4,getFilters
FN:5,(anonymous_1)
FN:9,(anonymous_2)
FN:18,(anonymous_3)
FN:25,(anonymous_4)
FN:38,addFilter
FN:47,removeFilter
FNF:7
FNH:0
FNDA:0,getFilters
FNDA:0,(anonymous_1)
FNDA:0,(anonymous_2)
FNDA:0,(anonymous_3)
FNDA:0,(anonymous_4)
FNDA:0,addFilter
FNDA:0,removeFilter
DA:5,0
DA:6,0
DA:9,0
DA:10,0
DA:18,0
DA:19,0
DA:25,0
DA:26,0
DA:27,0
DA:28,0
DA:31,0
DA:33,0
DA:39,0
DA:48,0
LF:14
LH:0
BRF:0
BRH:0
end_of_record
TN:
SF:/Users/zkreiser/Documents/Diningv2/client/app/redux/actions/IncrementingActions.js
FN:6,increaseMe
FN:12,decreaseMe
FNF:2
FNH:0
FNDA:0,increaseMe
FNDA:0,decreaseMe
DA:7,0
DA:13,0
LF:2
LH:0
BRF:0
BRH:0
end_of_record
TN:
SF:/Users/zkreiser/Documents/Diningv2/client/app/redux/actions/MenuActions.js
FN:4,getMenus
FN:10,(anonymous_1)
FN:18,(anonymous_2)
FN:30,(anonymous_3)
FN:40,(anonymous_4)
FNF:5
FNH:0
FNDA:0,getMenus
FNDA:0,(anonymous_1)
FNDA:0,(anonymous_2)
FNDA:0,(anonymous_3)
FNDA:0,(anonymous_4)
DA:10,0
DA:11,0
DA:18,0
DA:19,0
DA:30,0
DA:31,0
DA:40,0
DA:41,0
DA:42,0
DA:43,0
DA:47,0
DA:49,0
LF:12
LH:0
BRF:0
BRH:0
end_of_record
TN:
SF:/Users/zkreiser/Documents/Diningv2/client/app/redux/actions/MenuItemInformationActions.js
FN:4,getMenuItemInformation
FN:5,(anonymous_1)
FN:9,(anonymous_2)
FN:18,(anonymous_3)
FN:25,(anonymous_4)
FNF:5
FNH:0
FNDA:0,getMenuItemInformation
FNDA:0,(anonymous_1)
FNDA:0,(anonymous_2)
FNDA:0,(anonymous_3)
FNDA:0,(anonymous_4)
DA:5,0
DA:6,0
DA:9,0
DA:10,0
DA:18,0
DA:19,0
DA:25,0
DA:26,0
DA:27,0
DA:28,0
DA:31,0
DA:33,0
LF:12
LH:0
BRDA:28,0,0,0
BRDA:28,0,1,0
BRF:2
BRH:0
end_of_record
TN:
SF:/Users/zkreiser/Documents/Diningv2/client/app/redux/actions/UserInformationActions.js
FN:3,saveUserNotificationID
FNF:1
FNH:0
FNDA:0,saveUserNotificationID
DA:4,0
LF:1
LH:0
BRF:0
BRH:0
end_of_record
TN:
SF:/Users/zkreiser/Documents/Diningv2/client/app/redux/actions/index.js
FNF:0
FNH:0
DA:10,2
LF:1
LH:1
BRF:0
BRH:0
end_of_record
TN:
SF:/Users/zkreiser/Documents/Diningv2/client/app/redux/actions/types.js
FNF:0
FNH:0
DA:1,3
DA:2,3
DA:4,3
DA:5,3
DA:7,3
DA:8,3
DA:9,3
DA:11,3
DA:12,3
DA:13,3
DA:15,3
DA:16,3
DA:17,3
DA:19,3
DA:20,3
DA:21,3
DA:22,3
DA:23,3
DA:25,3
DA:26,3
DA:27,3
DA:28,3
DA:29,3
DA:31,3
LF:24
LH:24
BRF:0
BRH:0
end_of_record
TN:
SF:/Users/zkreiser/Documents/Diningv2/client/app/redux/lib/createReducer.js
FN:4,createReducer
FN:5,reducer
FNF:2
FNH:2
FNDA:2,createReducer
FNDA:8,reducer
DA:5,2
DA:6,8
DA:7,8
DA:9,0
LF:4
LH:3
BRDA:5,0,0,0
BRDA:6,1,0,8
BRDA:6,1,1,0
BRF:3
BRH:1
end_of_record
TN:
SF:/Users/zkreiser/Documents/Diningv2/client/app/redux/lib/stateProperties.js
FNF:0
FNH:0
LF:0
LH:0
BRF:0
BRH:0
end_of_record
TN:
SF:/Users/zkreiser/Documents/Diningv2/client/app/redux/reducers/DiningHallInformationReducers.js
FN:24,(anonymous_0)
FN:31,(anonymous_1)
FN:42,(anonymous_2)
FNF:3
FNH:3
FNDA:1,(anonymous_0)
FNDA:1,(anonymous_1)
FNDA:1,(anonymous_2)
DA:10,1
DA:23,1
DA:25,1
DA:32,1
DA:33,1
DA:34,1
DA:43,1
LF:7
LH:7
BRF:0
BRH:0
end_of_record
TN:
SF:/Users/zkreiser/Documents/Diningv2/client/app/redux/reducers/FilterReducers.js
FN:22,(anonymous_0)
FN:29,(anonymous_1)
FN:38,(anonymous_2)
FN:48,(anonymous_3)
FN:58,(anonymous_4)
FNF:5
FNH:5
FNDA:1,(anonymous_0)
FNDA:1,(anonymous_1)
FNDA:1,(anonymous_2)
FNDA:1,(anonymous_3)
FNDA:1,(anonymous_4)
DA:10,1
DA:21,1
DA:23,1
DA:30,1
DA:31,1
DA:39,1
DA:49,1
DA:50,1
DA:51,1
DA:53,1
DA:59,1
DA:60,1
DA:61,1
DA:63,1
LF:14
LH:14
BRDA:49,0,0,1
BRDA:49,0,1,0
BRDA:59,1,0,1
BRDA:59,1,1,0
BRF:4
BRH:2
end_of_record
TN:
SF:/Users/zkreiser/Documents/Diningv2/client/tst/config/constants.js
FNF:0
FNH:0
DA:1,1
LF:1
LH:1
BRF:0
BRH:0
end_of_record
TN:
SF:/Users/zkreiser/Documents/Diningv2/client/tst/config/responseObjects/filtersResponse.js
FNF:0
FNH:0
DA:1,1
LF:1
LH:1
BRF:0
BRH:0
end_of_record
TN:
SF:/Users/zkreiser/Documents/Diningv2/client/tst/config/responseObjects/locationsResponse.js
FNF:0
FNH:0
DA:1,2
LF:1
LH:1
BRF:0
BRH:0
end_of_record
TN:
SF:/Users/zkreiser/Documents/Diningv2/client/tst/redux/utils/getAction.js
FN:1,findAction
FN:2,(anonymous_1)
FN:5,getAction
FN:9,(anonymous_3)
FN:10,(anonymous_4)
FNF:5
FNH:5
FNDA:6,findAction
FNDA:8,(anonymous_1)
FNDA:4,getAction
FNDA:2,(anonymous_3)
FNDA:2,(anonymous_4)
DA:2,8
DA:6,4
DA:7,4
DA:9,2
DA:10,2
DA:11,2
DA:12,2
LF:7
LH:7
BRDA:7,0,0,2
BRDA:7,0,1,2
BRDA:12,1,0,2
BRDA:12,1,1,0
BRF:4
BRH:3
end_of_record
TN:
SF:/Users/zkreiser/Documents/Diningv2/client/tst/redux/utils/mockStore.js
FNF:0
FNH:0
DA:4,1
LF:1
LH:1
BRF:0
BRH:0
end_of_record
