<?xml version="1.0" encoding="UTF-8"?>
<coverage generated="1553151283715" clover="3.2.0">
  <project timestamp="1553151283715" name="All files">
    <metrics statements="206" coveredstatements="206" conditionals="76" coveredconditionals="76" methods="28" coveredmethods="28" elements="310" coveredelements="310" complexity="0" loc="206" ncloc="206" packages="7" files="20" classes="20"/>
    <package name="src.config">
      <metrics statements="21" coveredstatements="21" conditionals="0" coveredconditionals="0" methods="0" coveredmethods="0"/>
      <file name="diningHallHours.js" path="/Users/sanat/Diningv2/src/config/diningHallHours.js">
        <metrics statements="17" coveredstatements="17" conditionals="0" coveredconditionals="0" methods="0" coveredmethods="0"/>
        <line num="1" count="4" type="stmt"/>
        <line num="29" count="4" type="stmt"/>
        <line num="57" count="4" type="stmt"/>
        <line num="85" count="4" type="stmt"/>
        <line num="113" count="4" type="stmt"/>
        <line num="141" count="4" type="stmt"/>
        <line num="169" count="4" type="stmt"/>
        <line num="197" count="4" type="stmt"/>
        <line num="225" count="4" type="stmt"/>
        <line num="253" count="4" type="stmt"/>
        <line num="281" count="4" type="stmt"/>
        <line num="309" count="4" type="stmt"/>
        <line num="337" count="4" type="stmt"/>
        <line num="365" count="4" type="stmt"/>
        <line num="393" count="4" type="stmt"/>
        <line num="421" count="4" type="stmt"/>
        <line num="449" count="4" type="stmt"/>
      </file>
      <file name="filters.js" path="/Users/sanat/Diningv2/src/config/filters.js">
        <metrics statements="1" coveredstatements="1" conditionals="0" coveredconditionals="0" methods="0" coveredmethods="0"/>
        <line num="2" count="2" type="stmt"/>
      </file>
      <file name="locations.js" path="/Users/sanat/Diningv2/src/config/locations.js">
        <metrics statements="1" coveredstatements="1" conditionals="0" coveredconditionals="0" methods="0" coveredmethods="0"/>
        <line num="1" count="7" type="stmt"/>
      </file>
      <file name="mealNames.js" path="/Users/sanat/Diningv2/src/config/mealNames.js">
        <metrics statements="1" coveredstatements="1" conditionals="0" coveredconditionals="0" methods="0" coveredmethods="0"/>
        <line num="1" count="8" type="stmt"/>
      </file>
      <file name="monthName.js" path="/Users/sanat/Diningv2/src/config/monthName.js">
        <metrics statements="1" coveredstatements="1" conditionals="0" coveredconditionals="0" methods="0" coveredmethods="0"/>
        <line num="1" count="8" type="stmt"/>
      </file>
    </package>
    <package name="src.routers.LocationsRouter">
      <metrics statements="43" coveredstatements="43" conditionals="22" coveredconditionals="22" methods="8" coveredmethods="8"/>
      <file name="getHours.js" path="/Users/sanat/Diningv2/src/routers/LocationsRouter/getHours.js">
        <metrics statements="16" coveredstatements="16" conditionals="8" coveredconditionals="8" methods="3" coveredmethods="3"/>
        <line num="8" count="4" type="stmt"/>
        <line num="11" count="5" type="stmt"/>
        <line num="12" count="5" type="stmt"/>
        <line num="13" count="4" type="stmt"/>
        <line num="15" count="3" type="cond" truecount="6" falsecount="0"/>
        <line num="16" count="1" type="stmt"/>
        <line num="19" count="2" type="stmt"/>
        <line num="21" count="2" type="stmt"/>
        <line num="27" count="2" type="stmt"/>
        <line num="28" count="8" type="stmt"/>
        <line num="30" count="2" type="stmt"/>
        <line num="31" count="2" type="stmt"/>
        <line num="32" count="10" type="stmt"/>
        <line num="33" count="20" type="stmt"/>
        <line num="35" count="10" type="cond" truecount="2" falsecount="0"/>
        <line num="48" count="2" type="stmt"/>
      </file>
      <file name="getLocations.js" path="/Users/sanat/Diningv2/src/routers/LocationsRouter/getLocations.js">
        <metrics statements="4" coveredstatements="4" conditionals="0" coveredconditionals="0" methods="1" coveredmethods="1"/>
        <line num="6" count="1" type="stmt"/>
        <line num="9" count="3" type="stmt"/>
        <line num="10" count="2" type="stmt"/>
        <line num="11" count="1" type="stmt"/>
      </file>
      <file name="getOneLocation.js" path="/Users/sanat/Diningv2/src/routers/LocationsRouter/getOneLocation.js">
        <metrics statements="7" coveredstatements="7" conditionals="4" coveredconditionals="4" methods="3" coveredmethods="3"/>
        <line num="4" count="4" type="stmt"/>
        <line num="5" count="96" type="stmt"/>
        <line num="7" count="4" type="cond" truecount="2" falsecount="0"/>
        <line num="8" count="3" type="stmt"/>
        <line num="9" count="3" type="stmt"/>
        <line num="19" count="4" type="stmt"/>
        <line num="22" count="1" type="stmt"/>
      </file>
      <file name="processLocations.js" path="/Users/sanat/Diningv2/src/routers/LocationsRouter/processLocations.js">
        <metrics statements="16" coveredstatements="16" conditionals="10" coveredconditionals="10" methods="1" coveredmethods="1"/>
        <line num="6" count="5" type="cond" truecount="6" falsecount="0"/>
        <line num="7" count="1" type="stmt"/>
        <line num="10" count="4" type="cond" truecount="2" falsecount="0"/>
        <line num="11" count="2" type="stmt"/>
        <line num="13" count="2" type="stmt"/>
        <line num="14" count="2" type="stmt"/>
        <line num="15" count="2" type="stmt"/>
        <line num="16" count="2" type="stmt"/>
        <line num="17" count="32" type="stmt"/>
        <line num="18" count="32" type="stmt"/>
        <line num="19" count="32" type="stmt"/>
        <line num="21" count="30" type="stmt"/>
        <line num="22" count="30" type="stmt"/>
        <line num="30" count="30" type="cond" truecount="2" falsecount="0"/>
        <line num="31" count="1" type="stmt"/>
        <line num="37" count="1" type="stmt"/>
      </file>
    </package>
    <package name="src.routers.MenuItemsRouter">
      <metrics statements="29" coveredstatements="29" conditionals="24" coveredconditionals="24" methods="4" coveredmethods="4"/>
      <file name="getMenuIdInfo.js" path="/Users/sanat/Diningv2/src/routers/MenuItemsRouter/getMenuIdInfo.js">
        <metrics statements="13" coveredstatements="13" conditionals="0" coveredconditionals="0" methods="1" coveredmethods="1"/>
        <line num="5" count="1" type="stmt"/>
        <line num="6" count="1" type="stmt"/>
        <line num="7" count="1" type="stmt"/>
        <line num="20" count="4" type="stmt"/>
        <line num="21" count="4" type="stmt"/>
        <line num="22" count="4" type="stmt"/>
        <line num="23" count="4" type="stmt"/>
        <line num="24" count="4" type="stmt"/>
        <line num="25" count="3" type="stmt"/>
        <line num="26" count="3" type="stmt"/>
        <line num="27" count="3" type="stmt"/>
        <line num="28" count="1" type="stmt"/>
        <line num="31" count="3" type="stmt"/>
      </file>
      <file name="parseMenuItemData.js" path="/Users/sanat/Diningv2/src/routers/MenuItemsRouter/parseMenuItemData.js">
        <metrics statements="13" coveredstatements="13" conditionals="20" coveredconditionals="20" methods="2" coveredmethods="2"/>
        <line num="21" count="4" type="cond" truecount="6" falsecount="0"/>
        <line num="22" count="1" type="stmt"/>
        <line num="24" count="3" type="cond" truecount="6" falsecount="0"/>
        <line num="25" count="1" type="stmt"/>
        <line num="27" count="2" type="cond" truecount="6" falsecount="0"/>
        <line num="28" count="1" type="stmt"/>
        <line num="32" count="1" type="stmt"/>
        <line num="33" count="1" type="stmt"/>
        <line num="34" count="9" type="stmt"/>
        <line num="39" count="1" type="stmt"/>
        <line num="40" count="1" type="stmt"/>
        <line num="41" count="14" type="cond" truecount="2" falsecount="0"/>
        <line num="43" count="1" type="stmt"/>
      </file>
      <file name="parseNutritionInfo.js" path="/Users/sanat/Diningv2/src/routers/MenuItemsRouter/parseNutritionInfo.js">
        <metrics statements="3" coveredstatements="3" conditionals="4" coveredconditionals="4" methods="1" coveredmethods="1"/>
        <line num="12" count="2" type="cond" truecount="4" falsecount="0"/>
        <line num="13" count="1" type="stmt"/>
        <line num="14" count="1" type="stmt"/>
      </file>
    </package>
    <package name="src.routers.MenusRouter">
      <metrics statements="57" coveredstatements="57" conditionals="30" coveredconditionals="30" methods="16" coveredmethods="16"/>
      <file name="getAllMenus.js" path="/Users/sanat/Diningv2/src/routers/MenusRouter/getAllMenus.js">
        <metrics statements="17" coveredstatements="17" conditionals="6" coveredconditionals="6" methods="4" coveredmethods="4"/>
        <line num="20" count="4" type="stmt"/>
        <line num="21" count="4" type="stmt"/>
        <line num="22" count="4" type="stmt"/>
        <line num="23" count="4" type="stmt"/>
        <line num="24" count="64" type="stmt"/>
        <line num="25" count="64" type="stmt"/>
        <line num="26" count="64" type="stmt"/>
        <line num="27" count="9" type="stmt"/>
        <line num="29" count="55" type="stmt"/>
        <line num="30" count="55" type="stmt"/>
        <line num="38" count="55" type="cond" truecount="2" falsecount="0"/>
        <line num="39" count="1" type="stmt"/>
        <line num="43" count="3" type="cond" truecount="2" falsecount="0"/>
        <line num="45" count="2" type="stmt"/>
        <line num="47" count="5" type="stmt"/>
        <line num="49" count="7" type="cond" truecount="2" falsecount="0"/>
        <line num="53" count="1" type="stmt"/>
      </file>
      <file name="getMenuItemList.js" path="/Users/sanat/Diningv2/src/routers/MenusRouter/getMenuItemList.js">
        <metrics statements="7" coveredstatements="7" conditionals="8" coveredconditionals="8" methods="5" coveredmethods="5"/>
        <line num="16" count="4" type="stmt"/>
        <line num="17" count="10" type="cond" truecount="4" falsecount="0"/>
        <line num="25" count="4" type="stmt"/>
        <line num="26" count="10" type="stmt"/>
        <line num="29" count="9" type="stmt"/>
        <line num="32" count="18" type="cond" truecount="2" falsecount="0"/>
        <line num="36" count="4" type="cond" truecount="2" falsecount="0"/>
      </file>
      <file name="getMenus.js" path="/Users/sanat/Diningv2/src/routers/MenusRouter/getMenus.js">
        <metrics statements="5" coveredstatements="5" conditionals="4" coveredconditionals="4" methods="1" coveredmethods="1"/>
        <line num="5" count="3" type="cond" truecount="4" falsecount="0"/>
        <line num="6" count="2" type="stmt"/>
        <line num="7" count="2" type="stmt"/>
        <line num="9" count="1" type="stmt"/>
        <line num="10" count="1" type="stmt"/>
      </file>
      <file name="getOneMenu.js" path="/Users/sanat/Diningv2/src/routers/MenusRouter/getOneMenu.js">
        <metrics statements="4" coveredstatements="4" conditionals="0" coveredconditionals="0" methods="1" coveredmethods="1"/>
        <line num="5" count="3" type="stmt"/>
        <line num="20" count="4" type="stmt"/>
        <line num="21" count="4" type="stmt"/>
        <line num="22" count="3" type="stmt"/>
      </file>
      <file name="processMenu.js" path="/Users/sanat/Diningv2/src/routers/MenusRouter/processMenu.js">
        <metrics statements="24" coveredstatements="24" conditionals="12" coveredconditionals="12" methods="5" coveredmethods="5"/>
        <line num="24" count="5" type="cond" truecount="6" falsecount="0"/>
        <line num="25" count="1" type="stmt"/>
        <line num="28" count="4" type="stmt"/>
        <line num="30" count="4" type="stmt"/>
        <line num="37" count="4" type="stmt"/>
        <line num="44" count="4" type="cond" truecount="2" falsecount="0"/>
        <line num="45" count="2" type="stmt"/>
        <line num="47" count="6" type="cond" truecount="2" falsecount="0"/>
        <line num="51" count="2" type="stmt"/>
        <line num="52" count="2" type="cond" truecount="2" falsecount="0"/>
        <line num="53" count="1" type="stmt"/>
        <line num="55" count="1" type="stmt"/>
        <line num="60" count="2" type="stmt"/>
        <line num="61" count="2" type="stmt"/>
        <line num="62" count="2" type="stmt"/>
        <line num="63" count="2" type="stmt"/>
        <line num="64" count="2" type="stmt"/>
        <line num="65" count="10" type="stmt"/>
        <line num="66" count="30" type="stmt"/>
        <line num="68" count="10" type="stmt"/>
        <line num="71" count="6" type="stmt"/>
        <line num="74" count="10" type="stmt"/>
        <line num="78" count="6" type="stmt"/>
        <line num="82" count="2" type="stmt"/>
      </file>
    </package>
    <package name="tst.LocationsRouter">
      <metrics statements="16" coveredstatements="16" conditionals="0" coveredconditionals="0" methods="0" coveredmethods="0"/>
      <file name="responses.js" path="/Users/sanat/Diningv2/tst/LocationsRouter/responses.js">
        <metrics statements="16" coveredstatements="16" conditionals="0" coveredconditionals="0" methods="0" coveredmethods="0"/>
        <line num="2" count="4" type="stmt"/>
        <line num="22" count="4" type="stmt"/>
        <line num="481" count="4" type="stmt"/>
        <line num="486" count="4" type="stmt"/>
        <line num="505" count="4" type="stmt"/>
        <line num="523" count="4" type="stmt"/>
        <line num="541" count="4" type="stmt"/>
        <line num="559" count="4" type="stmt"/>
        <line num="578" count="4" type="stmt"/>
        <line num="585" count="4" type="stmt"/>
        <line num="587" count="4" type="stmt"/>
        <line num="591" count="4" type="stmt"/>
        <line num="613" count="4" type="stmt"/>
        <line num="625" count="4" type="stmt"/>
        <line num="634" count="4" type="stmt"/>
        <line num="643" count="4" type="stmt"/>
      </file>
    </package>
    <package name="tst.MenusRouter">
      <metrics statements="27" coveredstatements="27" conditionals="0" coveredconditionals="0" methods="0" coveredmethods="0"/>
      <file name="responses.js" path="/Users/sanat/Diningv2/tst/MenusRouter/responses.js">
        <metrics statements="27" coveredstatements="27" conditionals="0" coveredconditionals="0" methods="0" coveredmethods="0"/>
        <line num="2" count="5" type="stmt"/>
        <line num="21" count="5" type="stmt"/>
        <line num="39" count="5" type="stmt"/>
        <line num="57" count="5" type="stmt"/>
        <line num="76" count="5" type="stmt"/>
        <line num="78" count="5" type="stmt"/>
        <line num="80" count="5" type="stmt"/>
        <line num="82" count="5" type="stmt"/>
        <line num="84" count="5" type="stmt"/>
        <line num="91" count="5" type="stmt"/>
        <line num="94" count="5" type="stmt"/>
        <line num="97" count="5" type="stmt"/>
        <line num="100" count="5" type="stmt"/>
        <line num="103" count="5" type="stmt"/>
        <line num="107" count="5" type="stmt"/>
        <line num="127" count="5" type="stmt"/>
        <line num="146" count="5" type="stmt"/>
        <line num="147" count="5" type="stmt"/>
        <line num="151" count="5" type="stmt"/>
        <line num="170" count="5" type="stmt"/>
        <line num="174" count="5" type="stmt"/>
        <line num="193" count="5" type="stmt"/>
        <line num="199" count="5" type="stmt"/>
        <line num="205" count="5" type="stmt"/>
        <line num="210" count="5" type="stmt"/>
        <line num="230" count="5" type="stmt"/>
        <line num="284" count="5" type="stmt"/>
      </file>
    </package>
    <package name="tst.config">
      <metrics statements="13" coveredstatements="13" conditionals="0" coveredconditionals="0" methods="0" coveredmethods="0"/>
      <file name="menuItemResponses.js" path="/Users/sanat/Diningv2/tst/config/menuItemResponses.js">
        <metrics statements="13" coveredstatements="13" conditionals="0" coveredconditionals="0" methods="0" coveredmethods="0"/>
        <line num="1" count="3" type="stmt"/>
        <line num="2" count="3" type="stmt"/>
        <line num="3" count="3" type="stmt"/>
        <line num="5" count="3" type="stmt"/>
        <line num="6" count="3" type="stmt"/>
        <line num="7" count="3" type="stmt"/>
        <line num="9" count="3" type="stmt"/>
        <line num="10" count="3" type="stmt"/>
        <line num="12" count="3" type="stmt"/>
        <line num="13" count="3" type="stmt"/>
        <line num="14" count="3" type="stmt"/>
        <line num="16" count="3" type="stmt"/>
        <line num="31" count="3" type="stmt"/>
      </file>
    </package>
  </project>
</coverage>
