{"/Users/sanat/Diningv2/server/src/config/diningHallHours.js": {"path":"/Users/sanat/Diningv2/server/src/config/diningHallHours.js","statementMap":{"0":{"start":{"line":1,"column":22},"end":{"line":27,"column":1}},"1":{"start":{"line":29,"column":22},"end":{"line":55,"column":1}},"2":{"start":{"line":57,"column":20},"end":{"line":83,"column":1}},"3":{"start":{"line":85,"column":21},"end":{"line":111,"column":1}},"4":{"start":{"line":113,"column":23},"end":{"line":139,"column":1}},"5":{"start":{"line":141,"column":17},"end":{"line":167,"column":1}},"6":{"start":{"line":169,"column":16},"end":{"line":195,"column":1}},"7":{"start":{"line":197,"column":19},"end":{"line":223,"column":1}},"8":{"start":{"line":225,"column":21},"end":{"line":251,"column":1}},"9":{"start":{"line":253,"column":22},"end":{"line":279,"column":1}},"10":{"start":{"line":281,"column":22},"end":{"line":307,"column":1}},"11":{"start":{"line":309,"column":20},"end":{"line":335,"column":1}},"12":{"start":{"line":337,"column":16},"end":{"line":363,"column":1}},"13":{"start":{"line":365,"column":22},"end":{"line":391,"column":1}},"14":{"start":{"line":393,"column":20},"end":{"line":419,"column":1}},"15":{"start":{"line":421,"column":22},"end":{"line":447,"column":1}},"16":{"start":{"line":449,"column":24},"end":{"line":466,"column":1}}},"fnMap":{},"branchMap":{},"s":{"0":4,"1":4,"2":4,"3":4,"4":4,"5":4,"6":4,"7":4,"8":4,"9":4,"10":4,"11":4,"12":4,"13":4,"14":4,"15":4,"16":4},"f":{},"b":{},"_coverageSchema":"43e27e138ebf9cfc5966b082cf9a028302ed4184","hash":"ab370f3061d9ad25dcce9f316986b8e4e4df434d"}
,"/Users/sanat/Diningv2/server/src/config/filters.js": {"path":"/Users/sanat/Diningv2/server/src/config/filters.js","statementMap":{"0":{"start":{"line":2,"column":16},"end":{"line":3,"column":79}}},"fnMap":{},"branchMap":{},"s":{"0":2},"f":{},"b":{},"_coverageSchema":"43e27e138ebf9cfc5966b082cf9a028302ed4184","hash":"a813b62b77064cc129c1602271ea5bc0571cbf41"}
,"/Users/sanat/Diningv2/server/src/config/locations.js": {"path":"/Users/sanat/Diningv2/server/src/config/locations.js","statementMap":{"0":{"start":{"line":1,"column":24},"end":{"line":18,"column":1}}},"fnMap":{},"branchMap":{},"s":{"0":7},"f":{},"b":{},"_coverageSchema":"43e27e138ebf9cfc5966b082cf9a028302ed4184","hash":"c7d8d40ad704ecbe6747d57029798ce021680728"}
,"/Users/sanat/Diningv2/server/src/config/mealNames.js": {"path":"/Users/sanat/Diningv2/server/src/config/mealNames.js","statementMap":{"0":{"start":{"line":1,"column":18},"end":{"line":7,"column":1}}},"fnMap":{},"branchMap":{},"s":{"0":8},"f":{},"b":{},"_coverageSchema":"43e27e138ebf9cfc5966b082cf9a028302ed4184","hash":"606380dc6f57df41f9cc353e08fc5e1cb46724e5"}
,"/Users/sanat/Diningv2/server/src/config/monthName.js": {"path":"/Users/sanat/Diningv2/server/src/config/monthName.js","statementMap":{"0":{"start":{"line":1,"column":19},"end":{"line":14,"column":1}}},"fnMap":{},"branchMap":{},"s":{"0":8},"f":{},"b":{},"_coverageSchema":"43e27e138ebf9cfc5966b082cf9a028302ed4184","hash":"01d1b89436dc5e1b6c4e59144f0d298940c048f0"}
,"/Users/sanat/Diningv2/server/src/routers/LocationsRouter/getHours.js": {"path":"/Users/sanat/Diningv2/server/src/routers/LocationsRouter/getHours.js","statementMap":{"0":{"start":{"line":8,"column":18},"end":{"line":8,"column":75}},"1":{"start":{"line":11,"column":21},"end":{"line":11,"column":56}},"2":{"start":{"line":12,"column":21},"end":{"line":12,"column":46}},"3":{"start":{"line":13,"column":17},"end":{"line":13,"column":30}},"4":{"start":{"line":15,"column":4},"end":{"line":17,"column":5}},"5":{"start":{"line":16,"column":8},"end":{"line":16,"column":69}},"6":{"start":{"line":19,"column":24},"end":{"line":19,"column":34}},"7":{"start":{"line":21,"column":8},"end":{"line":26,"column":19}},"8":{"start":{"line":27,"column":29},"end":{"line":29,"column":5}},"9":{"start":{"line":28,"column":17},"end":{"line":28,"column":65}},"10":{"start":{"line":30,"column":24},"end":{"line":30,"column":26}},"11":{"start":{"line":31,"column":4},"end":{"line":47,"column":5}},"12":{"start":{"line":32,"column":33},"end":{"line":34,"column":9}},"13":{"start":{"line":33,"column":21},"end":{"line":33,"column":73}},"14":{"start":{"line":35,"column":8},"end":{"line":46,"column":24}},"15":{"start":{"line":48,"column":4},"end":{"line":48,"column":25}}},"fnMap":{"0":{"name":"getHours","decl":{"start":{"line":10,"column":30},"end":{"line":10,"column":38}},"loc":{"start":{"line":10,"column":57},"end":{"line":49,"column":1}},"line":10},"1":{"name":"(anonymous_1)","decl":{"start":{"line":28,"column":8},"end":{"line":28,"column":9}},"loc":{"start":{"line":28,"column":17},"end":{"line":28,"column":65}},"line":28},"2":{"name":"(anonymous_2)","decl":{"start":{"line":33,"column":12},"end":{"line":33,"column":13}},"loc":{"start":{"line":33,"column":21},"end":{"line":33,"column":73}},"line":33}},"branchMap":{"0":{"loc":{"start":{"line":15,"column":4},"end":{"line":17,"column":5}},"type":"if","locations":[{"start":{"line":15,"column":4},"end":{"line":17,"column":5}},{"start":{"line":15,"column":4},"end":{"line":17,"column":5}}],"line":15},"1":{"loc":{"start":{"line":15,"column":8},"end":{"line":15,"column":72}},"type":"binary-expr","locations":[{"start":{"line":15,"column":8},"end":{"line":15,"column":13}},{"start":{"line":15,"column":17},"end":{"line":15,"column":27}},{"start":{"line":15,"column":31},"end":{"line":15,"column":48}},{"start":{"line":15,"column":52},"end":{"line":15,"column":72}}],"line":15},"2":{"loc":{"start":{"line":35,"column":45},"end":{"line":46,"column":23}},"type":"cond-expr","locations":[{"start":{"line":36,"column":14},"end":{"line":45,"column":15}},{"start":{"line":46,"column":14},"end":{"line":46,"column":23}}],"line":35}},"s":{"0":4,"1":5,"2":5,"3":4,"4":3,"5":1,"6":2,"7":2,"8":2,"9":8,"10":2,"11":2,"12":10,"13":20,"14":10,"15":2},"f":{"0":5,"1":8,"2":20},"b":{"0":[1,2],"1":[3,3,3,2],"2":[4,6]},"_coverageSchema":"43e27e138ebf9cfc5966b082cf9a028302ed4184","hash":"ffae9470a5866ccd6750cea322346b9eafecee59"}
,"/Users/sanat/Diningv2/server/src/routers/LocationsRouter/getLocations.js": {"path":"/Users/sanat/Diningv2/server/src/routers/LocationsRouter/getLocations.js","statementMap":{"0":{"start":{"line":6,"column":4},"end":{"line":6,"column":65}},"1":{"start":{"line":9,"column":21},"end":{"line":9,"column":51}},"2":{"start":{"line":10,"column":22},"end":{"line":10,"column":66}},"3":{"start":{"line":11,"column":4},"end":{"line":11,"column":21}}},"fnMap":{"0":{"name":"getLocations","decl":{"start":{"line":8,"column":30},"end":{"line":8,"column":42}},"loc":{"start":{"line":8,"column":50},"end":{"line":12,"column":1}},"line":8}},"branchMap":{},"s":{"0":1,"1":3,"2":2,"3":1},"f":{"0":3},"b":{},"_coverageSchema":"43e27e138ebf9cfc5966b082cf9a028302ed4184","hash":"db24c8fe600722828e512309f78d9b57d6c51211"}
,"/Users/sanat/Diningv2/server/src/routers/LocationsRouter/getOneLocation.js": {"path":"/Users/sanat/Diningv2/server/src/routers/LocationsRouter/getOneLocation.js","statementMap":{"0":{"start":{"line":4,"column":21},"end":{"line":6,"column":5}},"1":{"start":{"line":5,"column":17},"end":{"line":5,"column":77}},"2":{"start":{"line":7,"column":4},"end":{"line":23,"column":5}},"3":{"start":{"line":8,"column":22},"end":{"line":8,"column":33}},"4":{"start":{"line":9,"column":8},"end":{"line":20,"column":10}},"5":{"start":{"line":19,"column":26},"end":{"line":19,"column":39}},"6":{"start":{"line":22,"column":8},"end":{"line":22,"column":52}}},"fnMap":{"0":{"name":"getOneLocation","decl":{"start":{"line":3,"column":30},"end":{"line":3,"column":44}},"loc":{"start":{"line":3,"column":58},"end":{"line":24,"column":1}},"line":3},"1":{"name":"(anonymous_1)","decl":{"start":{"line":5,"column":8},"end":{"line":5,"column":9}},"loc":{"start":{"line":5,"column":17},"end":{"line":5,"column":77}},"line":5},"2":{"name":"(anonymous_2)","decl":{"start":{"line":19,"column":21},"end":{"line":19,"column":22}},"loc":{"start":{"line":19,"column":26},"end":{"line":19,"column":39}},"line":19}},"branchMap":{"0":{"loc":{"start":{"line":7,"column":4},"end":{"line":23,"column":5}},"type":"if","locations":[{"start":{"line":7,"column":4},"end":{"line":23,"column":5}},{"start":{"line":7,"column":4},"end":{"line":23,"column":5}}],"line":7},"1":{"loc":{"start":{"line":13,"column":20},"end":{"line":15,"column":22}},"type":"cond-expr","locations":[{"start":{"line":14,"column":18},"end":{"line":14,"column":23}},{"start":{"line":15,"column":18},"end":{"line":15,"column":22}}],"line":13}},"s":{"0":4,"1":96,"2":4,"3":3,"4":3,"5":4,"6":1},"f":{"0":4,"1":96,"2":4},"b":{"0":[3,1],"1":[1,1]},"_coverageSchema":"43e27e138ebf9cfc5966b082cf9a028302ed4184","hash":"ea023861024f1abdf2f2f5c3c6e95f00ac4aa9ef"}
,"/Users/sanat/Diningv2/server/src/routers/LocationsRouter/processLocations.js": {"path":"/Users/sanat/Diningv2/server/src/routers/LocationsRouter/processLocations.js","statementMap":{"0":{"start":{"line":6,"column":4},"end":{"line":8,"column":5}},"1":{"start":{"line":7,"column":8},"end":{"line":7,"column":69}},"2":{"start":{"line":10,"column":4},"end":{"line":38,"column":5}},"3":{"start":{"line":11,"column":8},"end":{"line":11,"column":49}},"4":{"start":{"line":13,"column":27},"end":{"line":13,"column":29}},"5":{"start":{"line":14,"column":26},"end":{"line":14,"column":55}},"6":{"start":{"line":15,"column":22},"end":{"line":15,"column":23}},"7":{"start":{"line":16,"column":8},"end":{"line":36,"column":9}},"8":{"start":{"line":17,"column":12},"end":{"line":35,"column":13}},"9":{"start":{"line":18,"column":16},"end":{"line":18,"column":45}},"10":{"start":{"line":19,"column":16},"end":{"line":19,"column":86}},"11":{"start":{"line":21,"column":16},"end":{"line":21,"column":26}},"12":{"start":{"line":22,"column":16},"end":{"line":29,"column":18}},"13":{"start":{"line":30,"column":16},"end":{"line":34,"column":17}},"14":{"start":{"line":31,"column":20},"end":{"line":33,"column":22}},"15":{"start":{"line":37,"column":8},"end":{"line":37,"column":28}}},"fnMap":{"0":{"name":"processLocations","decl":{"start":{"line":4,"column":30},"end":{"line":4,"column":46}},"loc":{"start":{"line":4,"column":60},"end":{"line":39,"column":1}},"line":4}},"branchMap":{"0":{"loc":{"start":{"line":6,"column":4},"end":{"line":8,"column":5}},"type":"if","locations":[{"start":{"line":6,"column":4},"end":{"line":8,"column":5}},{"start":{"line":6,"column":4},"end":{"line":8,"column":5}}],"line":6},"1":{"loc":{"start":{"line":6,"column":8},"end":{"line":6,"column":72}},"type":"binary-expr","locations":[{"start":{"line":6,"column":8},"end":{"line":6,"column":13}},{"start":{"line":6,"column":17},"end":{"line":6,"column":27}},{"start":{"line":6,"column":31},"end":{"line":6,"column":48}},{"start":{"line":6,"column":52},"end":{"line":6,"column":72}}],"line":6},"2":{"loc":{"start":{"line":10,"column":4},"end":{"line":38,"column":5}},"type":"if","locations":[{"start":{"line":10,"column":4},"end":{"line":38,"column":5}},{"start":{"line":10,"column":4},"end":{"line":38,"column":5}}],"line":10},"3":{"loc":{"start":{"line":30,"column":16},"end":{"line":34,"column":17}},"type":"if","locations":[{"start":{"line":30,"column":16},"end":{"line":34,"column":17}},{"start":{"line":30,"column":16},"end":{"line":34,"column":17}}],"line":30}},"s":{"0":5,"1":1,"2":4,"3":2,"4":2,"5":2,"6":2,"7":2,"8":32,"9":32,"10":32,"11":30,"12":30,"13":30,"14":1,"15":1},"f":{"0":5},"b":{"0":[1,4],"1":[5,5,4,4],"2":[2,2],"3":[1,29]},"_coverageSchema":"43e27e138ebf9cfc5966b082cf9a028302ed4184","hash":"0949edadbae395d3d7c69d5874b63bf6041a0ffe"}
,"/Users/sanat/Diningv2/server/src/routers/MenuItemsRouter/getMenuIdInfo.js": {"path":"/Users/sanat/Diningv2/server/src/routers/MenuItemsRouter/getMenuIdInfo.js","statementMap":{"0":{"start":{"line":5,"column":22},"end":{"line":5,"column":92}},"1":{"start":{"line":6,"column":20},"end":{"line":6,"column":86}},"2":{"start":{"line":7,"column":24},"end":{"line":7,"column":96}},"3":{"start":{"line":20,"column":30},"end":{"line":20,"column":73}},"4":{"start":{"line":21,"column":27},"end":{"line":21,"column":68}},"5":{"start":{"line":22,"column":32},"end":{"line":22,"column":77}},"6":{"start":{"line":23,"column":4},"end":{"line":32,"column":5}},"7":{"start":{"line":24,"column":34},"end":{"line":24,"column":68}},"8":{"start":{"line":25,"column":31},"end":{"line":25,"column":62}},"9":{"start":{"line":26,"column":36},"end":{"line":26,"column":72}},"10":{"start":{"line":27,"column":21},"end":{"line":27,"column":109}},"11":{"start":{"line":28,"column":8},"end":{"line":28,"column":20}},"12":{"start":{"line":31,"column":8},"end":{"line":31,"column":71}}},"fnMap":{"0":{"name":"getMenuIdInfo","decl":{"start":{"line":19,"column":30},"end":{"line":19,"column":43}},"loc":{"start":{"line":19,"column":56},"end":{"line":33,"column":1}},"line":19}},"branchMap":{},"s":{"0":1,"1":1,"2":1,"3":4,"4":4,"5":4,"6":4,"7":4,"8":3,"9":3,"10":3,"11":1,"12":3},"f":{"0":4},"b":{},"_coverageSchema":"43e27e138ebf9cfc5966b082cf9a028302ed4184","hash":"ab666dce150ead465f29f4d6cfcbae5b6b6da9ec"}
,"/Users/sanat/Diningv2/server/src/routers/MenuItemsRouter/parseMenuItemData.js": {"path":"/Users/sanat/Diningv2/server/src/routers/MenuItemsRouter/parseMenuItemData.js","statementMap":{"0":{"start":{"line":25,"column":4},"end":{"line":32,"column":5}},"1":{"start":{"line":31,"column":8},"end":{"line":31,"column":79}},"2":{"start":{"line":33,"column":4},"end":{"line":40,"column":5}},"3":{"start":{"line":39,"column":8},"end":{"line":39,"column":76}},"4":{"start":{"line":41,"column":4},"end":{"line":48,"column":5}},"5":{"start":{"line":47,"column":8},"end":{"line":47,"column":80}},"6":{"start":{"line":51,"column":25},"end":{"line":51,"column":27}},"7":{"start":{"line":52,"column":4},"end":{"line":58,"column":5}},"8":{"start":{"line":54,"column":8},"end":{"line":57,"column":50}},"9":{"start":{"line":56,"column":22},"end":{"line":56,"column":30}},"10":{"start":{"line":57,"column":26},"end":{"line":57,"column":48}},"11":{"start":{"line":60,"column":4},"end":{"line":62,"column":6}},"12":{"start":{"line":61,"column":32},"end":{"line":61,"column":92}},"13":{"start":{"line":61,"column":71},"end":{"line":61,"column":91}},"14":{"start":{"line":65,"column":18},"end":{"line":65,"column":23}},"15":{"start":{"line":66,"column":23},"end":{"line":66,"column":28}},"16":{"start":{"line":67,"column":23},"end":{"line":67,"column":28}},"17":{"start":{"line":68,"column":21},"end":{"line":68,"column":23}},"18":{"start":{"line":69,"column":22},"end":{"line":69,"column":69}},"19":{"start":{"line":70,"column":4},"end":{"line":77,"column":7}},"20":{"start":{"line":71,"column":8},"end":{"line":76,"column":9}},"21":{"start":{"line":72,"column":12},"end":{"line":75,"column":41}},"22":{"start":{"line":72,"column":35},"end":{"line":72,"column":50}},"23":{"start":{"line":73,"column":17},"end":{"line":75,"column":41}},"24":{"start":{"line":73,"column":45},"end":{"line":73,"column":65}},"25":{"start":{"line":74,"column":17},"end":{"line":75,"column":41}},"26":{"start":{"line":74,"column":46},"end":{"line":74,"column":66}},"27":{"start":{"line":75,"column":17},"end":{"line":75,"column":41}},"28":{"start":{"line":79,"column":4},"end":{"line":88,"column":6}}},"fnMap":{"0":{"name":"parseMenuItemData","decl":{"start":{"line":19,"column":24},"end":{"line":19,"column":41}},"loc":{"start":{"line":23,"column":2},"end":{"line":89,"column":1}},"line":23},"1":{"name":"(anonymous_1)","decl":{"start":{"line":56,"column":17},"end":{"line":56,"column":18}},"loc":{"start":{"line":56,"column":22},"end":{"line":56,"column":30}},"line":56},"2":{"name":"(anonymous_2)","decl":{"start":{"line":57,"column":21},"end":{"line":57,"column":22}},"loc":{"start":{"line":57,"column":26},"end":{"line":57,"column":48}},"line":57},"3":{"name":"(anonymous_3)","decl":{"start":{"line":61,"column":8},"end":{"line":61,"column":9}},"loc":{"start":{"line":61,"column":32},"end":{"line":61,"column":92}},"line":61},"4":{"name":"(anonymous_4)","decl":{"start":{"line":61,"column":57},"end":{"line":61,"column":58}},"loc":{"start":{"line":61,"column":71},"end":{"line":61,"column":91}},"line":61},"5":{"name":"(anonymous_5)","decl":{"start":{"line":70,"column":16},"end":{"line":70,"column":17}},"loc":{"start":{"line":70,"column":31},"end":{"line":77,"column":5}},"line":70}},"branchMap":{"0":{"loc":{"start":{"line":25,"column":4},"end":{"line":32,"column":5}},"type":"if","locations":[{"start":{"line":25,"column":4},"end":{"line":32,"column":5}},{"start":{"line":25,"column":4},"end":{"line":32,"column":5}}],"line":25},"1":{"loc":{"start":{"line":26,"column":8},"end":{"line":29,"column":37}},"type":"binary-expr","locations":[{"start":{"line":26,"column":8},"end":{"line":26,"column":22}},{"start":{"line":27,"column":8},"end":{"line":27,"column":27}},{"start":{"line":28,"column":8},"end":{"line":28,"column":34}},{"start":{"line":29,"column":8},"end":{"line":29,"column":37}}],"line":26},"2":{"loc":{"start":{"line":33,"column":4},"end":{"line":40,"column":5}},"type":"if","locations":[{"start":{"line":33,"column":4},"end":{"line":40,"column":5}},{"start":{"line":33,"column":4},"end":{"line":40,"column":5}}],"line":33},"3":{"loc":{"start":{"line":34,"column":8},"end":{"line":37,"column":34}},"type":"binary-expr","locations":[{"start":{"line":34,"column":8},"end":{"line":34,"column":19}},{"start":{"line":35,"column":8},"end":{"line":35,"column":24}},{"start":{"line":36,"column":8},"end":{"line":36,"column":31}},{"start":{"line":37,"column":8},"end":{"line":37,"column":34}}],"line":34},"4":{"loc":{"start":{"line":41,"column":4},"end":{"line":48,"column":5}},"type":"if","locations":[{"start":{"line":41,"column":4},"end":{"line":48,"column":5}},{"start":{"line":41,"column":4},"end":{"line":48,"column":5}}],"line":41},"5":{"loc":{"start":{"line":42,"column":8},"end":{"line":45,"column":38}},"type":"binary-expr","locations":[{"start":{"line":42,"column":8},"end":{"line":42,"column":23}},{"start":{"line":43,"column":8},"end":{"line":43,"column":28}},{"start":{"line":44,"column":8},"end":{"line":44,"column":35}},{"start":{"line":45,"column":8},"end":{"line":45,"column":38}}],"line":42},"6":{"loc":{"start":{"line":71,"column":8},"end":{"line":76,"column":9}},"type":"if","locations":[{"start":{"line":71,"column":8},"end":{"line":76,"column":9}},{"start":{"line":71,"column":8},"end":{"line":76,"column":9}}],"line":71},"7":{"loc":{"start":{"line":72,"column":12},"end":{"line":75,"column":41}},"type":"if","locations":[{"start":{"line":72,"column":12},"end":{"line":75,"column":41}},{"start":{"line":72,"column":12},"end":{"line":75,"column":41}}],"line":72},"8":{"loc":{"start":{"line":73,"column":17},"end":{"line":75,"column":41}},"type":"if","locations":[{"start":{"line":73,"column":17},"end":{"line":75,"column":41}},{"start":{"line":73,"column":17},"end":{"line":75,"column":41}}],"line":73},"9":{"loc":{"start":{"line":74,"column":17},"end":{"line":75,"column":41}},"type":"if","locations":[{"start":{"line":74,"column":17},"end":{"line":75,"column":41}},{"start":{"line":74,"column":17},"end":{"line":75,"column":41}}],"line":74}},"s":{"0":4,"1":1,"2":3,"3":1,"4":2,"5":1,"6":1,"7":1,"8":9,"9":9,"10":9,"11":1,"12":9,"13":45,"14":1,"15":1,"16":1,"17":1,"18":1,"19":1,"20":14,"21":5,"22":1,"23":4,"24":1,"25":3,"26":0,"27":3,"28":1},"f":{"0":4,"1":9,"2":9,"3":9,"4":45,"5":14},"b":{"0":[1,3],"1":[4,4,3,3],"2":[1,2],"3":[3,3,2,2],"4":[1,1],"5":[2,2,1,1],"6":[5,9],"7":[1,4],"8":[1,3],"9":[0,3]},"_coverageSchema":"43e27e138ebf9cfc5966b082cf9a028302ed4184","hash":"7f2cdad481b665f12d283ca5c0c8e3e0a765fb80"}
,"/Users/sanat/Diningv2/server/src/routers/MenuItemsRouter/parseNutritionInfo.js": {"path":"/Users/sanat/Diningv2/server/src/routers/MenuItemsRouter/parseNutritionInfo.js","statementMap":{"0":{"start":{"line":12,"column":4},"end":{"line":12,"column":47}},"1":{"start":{"line":12,"column":35},"end":{"line":12,"column":47}},"2":{"start":{"line":15,"column":4},"end":{"line":35,"column":5}},"3":{"start":{"line":15,"column":17},"end":{"line":15,"column":18}},"4":{"start":{"line":16,"column":8},"end":{"line":34,"column":9}},"5":{"start":{"line":16,"column":21},"end":{"line":16,"column":22}},"6":{"start":{"line":17,"column":12},"end":{"line":33,"column":13}},"7":{"start":{"line":18,"column":16},"end":{"line":32,"column":17}},"8":{"start":{"line":19,"column":20},"end":{"line":29,"column":21}},"9":{"start":{"line":20,"column":24},"end":{"line":23,"column":62}},"10":{"start":{"line":24,"column":27},"end":{"line":29,"column":21}},"11":{"start":{"line":25,"column":24},"end":{"line":28,"column":66}},"12":{"start":{"line":31,"column":20},"end":{"line":31,"column":44}},"13":{"start":{"line":37,"column":4},"end":{"line":50,"column":6}}},"fnMap":{"0":{"name":"parseNutritionInfo","decl":{"start":{"line":11,"column":24},"end":{"line":11,"column":42}},"loc":{"start":{"line":11,"column":49},"end":{"line":51,"column":1}},"line":11}},"branchMap":{"0":{"loc":{"start":{"line":12,"column":4},"end":{"line":12,"column":47}},"type":"if","locations":[{"start":{"line":12,"column":4},"end":{"line":12,"column":47}},{"start":{"line":12,"column":4},"end":{"line":12,"column":47}}],"line":12},"1":{"loc":{"start":{"line":12,"column":8},"end":{"line":12,"column":33}},"type":"binary-expr","locations":[{"start":{"line":12,"column":8},"end":{"line":12,"column":13}},{"start":{"line":12,"column":17},"end":{"line":12,"column":33}}],"line":12},"2":{"loc":{"start":{"line":17,"column":12},"end":{"line":33,"column":13}},"type":"if","locations":[{"start":{"line":17,"column":12},"end":{"line":33,"column":13}},{"start":{"line":17,"column":12},"end":{"line":33,"column":13}}],"line":17},"3":{"loc":{"start":{"line":18,"column":16},"end":{"line":32,"column":17}},"type":"if","locations":[{"start":{"line":18,"column":16},"end":{"line":32,"column":17}},{"start":{"line":18,"column":16},"end":{"line":32,"column":17}}],"line":18},"4":{"loc":{"start":{"line":19,"column":20},"end":{"line":29,"column":21}},"type":"if","locations":[{"start":{"line":19,"column":20},"end":{"line":29,"column":21}},{"start":{"line":19,"column":20},"end":{"line":29,"column":21}}],"line":19},"5":{"loc":{"start":{"line":24,"column":27},"end":{"line":29,"column":21}},"type":"if","locations":[{"start":{"line":24,"column":27},"end":{"line":29,"column":21}},{"start":{"line":24,"column":27},"end":{"line":29,"column":21}}],"line":24}},"s":{"0":2,"1":1,"2":1,"3":1,"4":12,"5":12,"6":69,"7":11,"8":9,"9":0,"10":9,"11":1,"12":2,"13":1},"f":{"0":2},"b":{"0":[1,1],"1":[2,2],"2":[11,58],"3":[9,2],"4":[0,9],"5":[1,8]},"_coverageSchema":"43e27e138ebf9cfc5966b082cf9a028302ed4184","hash":"52b3ea30ed5df847974a2a838cdf7b9dc39ec34f"}
,"/Users/sanat/Diningv2/server/src/routers/MenusRouter/getAllMenus.js": {"path":"/Users/sanat/Diningv2/server/src/routers/MenusRouter/getAllMenus.js","statementMap":{"0":{"start":{"line":20,"column":19},"end":{"line":20,"column":21}},"1":{"start":{"line":21,"column":22},"end":{"line":21,"column":51}},"2":{"start":{"line":22,"column":18},"end":{"line":22,"column":19}},"3":{"start":{"line":23,"column":4},"end":{"line":42,"column":5}},"4":{"start":{"line":24,"column":8},"end":{"line":41,"column":9}},"5":{"start":{"line":25,"column":12},"end":{"line":25,"column":38}},"6":{"start":{"line":26,"column":26},"end":{"line":26,"column":49}},"7":{"start":{"line":27,"column":12},"end":{"line":27,"column":55}},"8":{"start":{"line":27,"column":34},"end":{"line":27,"column":53}},"9":{"start":{"line":29,"column":12},"end":{"line":29,"column":22}},"10":{"start":{"line":30,"column":12},"end":{"line":37,"column":14}},"11":{"start":{"line":38,"column":12},"end":{"line":40,"column":13}},"12":{"start":{"line":39,"column":16},"end":{"line":39,"column":75}},"13":{"start":{"line":43,"column":4},"end":{"line":53,"column":25}},"14":{"start":{"line":45,"column":8},"end":{"line":52,"column":10}},"15":{"start":{"line":47,"column":16},"end":{"line":51,"column":27}},"16":{"start":{"line":49,"column":24},"end":{"line":50,"column":58}},"17":{"start":{"line":53,"column":9},"end":{"line":53,"column":25}}},"fnMap":{"0":{"name":"getAllMenus","decl":{"start":{"line":19,"column":30},"end":{"line":19,"column":41}},"loc":{"start":{"line":19,"column":49},"end":{"line":54,"column":1}},"line":19},"1":{"name":"(anonymous_1)","decl":{"start":{"line":27,"column":26},"end":{"line":27,"column":27}},"loc":{"start":{"line":27,"column":34},"end":{"line":27,"column":53}},"line":27},"2":{"name":"(anonymous_2)","decl":{"start":{"line":46,"column":12},"end":{"line":46,"column":13}},"loc":{"start":{"line":47,"column":16},"end":{"line":51,"column":27}},"line":47},"3":{"name":"(anonymous_3)","decl":{"start":{"line":48,"column":20},"end":{"line":48,"column":21}},"loc":{"start":{"line":49,"column":24},"end":{"line":50,"column":58}},"line":49}},"branchMap":{"0":{"loc":{"start":{"line":38,"column":12},"end":{"line":40,"column":13}},"type":"if","locations":[{"start":{"line":38,"column":12},"end":{"line":40,"column":13}},{"start":{"line":38,"column":12},"end":{"line":40,"column":13}}],"line":38},"1":{"loc":{"start":{"line":43,"column":4},"end":{"line":53,"column":25}},"type":"if","locations":[{"start":{"line":43,"column":4},"end":{"line":53,"column":25}},{"start":{"line":43,"column":4},"end":{"line":53,"column":25}}],"line":43},"2":{"loc":{"start":{"line":49,"column":24},"end":{"line":50,"column":58}},"type":"binary-expr","locations":[{"start":{"line":49,"column":24},"end":{"line":49,"column":54}},{"start":{"line":50,"column":24},"end":{"line":50,"column":58}}],"line":49}},"s":{"0":4,"1":4,"2":4,"3":4,"4":64,"5":64,"6":64,"7":9,"8":8,"9":55,"10":55,"11":55,"12":1,"13":3,"14":2,"15":5,"16":7,"17":1},"f":{"0":4,"1":8,"2":5,"3":7},"b":{"0":[1,54],"1":[2,1],"2":[7,5]},"_coverageSchema":"43e27e138ebf9cfc5966b082cf9a028302ed4184","hash":"a3c3c863c4f5e69b52c96670115a096fc18743bb"}
,"/Users/sanat/Diningv2/server/src/routers/MenusRouter/getMenuItemList.js": {"path":"/Users/sanat/Diningv2/server/src/routers/MenusRouter/getMenuItemList.js","statementMap":{"0":{"start":{"line":16,"column":17},"end":{"line":23,"column":6}},"1":{"start":{"line":17,"column":8},"end":{"line":22,"column":16}},"2":{"start":{"line":25,"column":25},"end":{"line":35,"column":9}},"3":{"start":{"line":26,"column":25},"end":{"line":26,"column":43}},"4":{"start":{"line":29,"column":16},"end":{"line":34,"column":17}},"5":{"start":{"line":32,"column":24},"end":{"line":33,"column":58}},"6":{"start":{"line":36,"column":4},"end":{"line":36,"column":58}}},"fnMap":{"0":{"name":"getMenuItemList","decl":{"start":{"line":14,"column":24},"end":{"line":14,"column":39}},"loc":{"start":{"line":14,"column":55},"end":{"line":37,"column":1}},"line":14},"1":{"name":"(anonymous_1)","decl":{"start":{"line":16,"column":26},"end":{"line":16,"column":27}},"loc":{"start":{"line":16,"column":35},"end":{"line":23,"column":5}},"line":16},"2":{"name":"(anonymous_2)","decl":{"start":{"line":26,"column":16},"end":{"line":26,"column":17}},"loc":{"start":{"line":26,"column":25},"end":{"line":26,"column":43}},"line":26},"3":{"name":"(anonymous_3)","decl":{"start":{"line":28,"column":12},"end":{"line":28,"column":13}},"loc":{"start":{"line":29,"column":16},"end":{"line":34,"column":17}},"line":29},"4":{"name":"(anonymous_4)","decl":{"start":{"line":31,"column":20},"end":{"line":31,"column":21}},"loc":{"start":{"line":32,"column":24},"end":{"line":33,"column":58}},"line":32}},"branchMap":{"0":{"loc":{"start":{"line":17,"column":15},"end":{"line":22,"column":15}},"type":"cond-expr","locations":[{"start":{"line":18,"column":14},"end":{"line":18,"column":23}},{"start":{"line":19,"column":14},"end":{"line":22,"column":15}}],"line":17},"1":{"loc":{"start":{"line":17,"column":15},"end":{"line":17,"column":38}},"type":"binary-expr","locations":[{"start":{"line":17,"column":15},"end":{"line":17,"column":21}},{"start":{"line":17,"column":25},"end":{"line":17,"column":38}}],"line":17},"2":{"loc":{"start":{"line":32,"column":24},"end":{"line":33,"column":58}},"type":"binary-expr","locations":[{"start":{"line":32,"column":24},"end":{"line":32,"column":54}},{"start":{"line":33,"column":24},"end":{"line":33,"column":58}}],"line":32},"3":{"loc":{"start":{"line":36,"column":11},"end":{"line":36,"column":57}},"type":"cond-expr","locations":[{"start":{"line":36,"column":33},"end":{"line":36,"column":45}},{"start":{"line":36,"column":48},"end":{"line":36,"column":57}}],"line":36}},"s":{"0":4,"1":10,"2":4,"3":10,"4":9,"5":18,"6":4},"f":{"0":4,"1":10,"2":10,"3":9,"4":18},"b":{"0":[1,9],"1":[10,10],"2":[18,9],"3":[3,1]},"_coverageSchema":"43e27e138ebf9cfc5966b082cf9a028302ed4184","hash":"dfc98fb704eda2ce1313f6669a238be6dc0899d9"}
,"/Users/sanat/Diningv2/server/src/routers/MenusRouter/getMenus.js": {"path":"/Users/sanat/Diningv2/server/src/routers/MenusRouter/getMenus.js","statementMap":{"0":{"start":{"line":5,"column":4},"end":{"line":11,"column":5}},"1":{"start":{"line":6,"column":22},"end":{"line":6,"column":46}},"2":{"start":{"line":7,"column":8},"end":{"line":7,"column":21}},"3":{"start":{"line":9,"column":21},"end":{"line":9,"column":44}},"4":{"start":{"line":10,"column":8},"end":{"line":10,"column":20}}},"fnMap":{"0":{"name":"getMenus","decl":{"start":{"line":4,"column":30},"end":{"line":4,"column":38}},"loc":{"start":{"line":4,"column":46},"end":{"line":12,"column":1}},"line":4}},"branchMap":{"0":{"loc":{"start":{"line":5,"column":4},"end":{"line":11,"column":5}},"type":"if","locations":[{"start":{"line":5,"column":4},"end":{"line":11,"column":5}},{"start":{"line":5,"column":4},"end":{"line":11,"column":5}}],"line":5},"1":{"loc":{"start":{"line":5,"column":8},"end":{"line":5,"column":57}},"type":"binary-expr","locations":[{"start":{"line":5,"column":8},"end":{"line":5,"column":30}},{"start":{"line":5,"column":34},"end":{"line":5,"column":57}}],"line":5}},"s":{"0":3,"1":2,"2":2,"3":1,"4":1},"f":{"0":3},"b":{"0":[2,1],"1":[3,2]},"_coverageSchema":"43e27e138ebf9cfc5966b082cf9a028302ed4184","hash":"a6b035d40e8df9ade3746ff160bedc4442c1cd77"}
,"/Users/sanat/Diningv2/server/src/routers/MenusRouter/getOneMenu.js": {"path":"/Users/sanat/Diningv2/server/src/routers/MenusRouter/getOneMenu.js","statementMap":{"0":{"start":{"line":5,"column":18},"end":{"line":5,"column":75}},"1":{"start":{"line":20,"column":21},"end":{"line":20,"column":62}},"2":{"start":{"line":21,"column":21},"end":{"line":21,"column":46}},"3":{"start":{"line":22,"column":4},"end":{"line":22,"column":45}}},"fnMap":{"0":{"name":"getOneMenu","decl":{"start":{"line":19,"column":30},"end":{"line":19,"column":40}},"loc":{"start":{"line":19,"column":48},"end":{"line":23,"column":1}},"line":19}},"branchMap":{},"s":{"0":3,"1":4,"2":4,"3":3},"f":{"0":4},"b":{},"_coverageSchema":"43e27e138ebf9cfc5966b082cf9a028302ed4184","hash":"345d6108ec6d5b9e3008230e7a272da83945323a"}
,"/Users/sanat/Diningv2/server/src/routers/MenusRouter/processMenu.js": {"path":"/Users/sanat/Diningv2/server/src/routers/MenusRouter/processMenu.js","statementMap":{"0":{"start":{"line":24,"column":4},"end":{"line":26,"column":5}},"1":{"start":{"line":25,"column":8},"end":{"line":25,"column":69}},"2":{"start":{"line":28,"column":17},"end":{"line":28,"column":27}},"3":{"start":{"line":30,"column":8},"end":{"line":35,"column":19}},"4":{"start":{"line":37,"column":8},"end":{"line":42,"column":19}},"5":{"start":{"line":44,"column":4},"end":{"line":83,"column":5}},"6":{"start":{"line":45,"column":29},"end":{"line":50,"column":9}},"7":{"start":{"line":47,"column":16},"end":{"line":49,"column":64}},"8":{"start":{"line":51,"column":29},"end":{"line":51,"column":72}},"9":{"start":{"line":52,"column":8},"end":{"line":56,"column":9}},"10":{"start":{"line":53,"column":12},"end":{"line":53,"column":52}},"11":{"start":{"line":55,"column":12},"end":{"line":55,"column":32}},"12":{"start":{"line":60,"column":20},"end":{"line":60,"column":22}},"13":{"start":{"line":61,"column":8},"end":{"line":61,"column":75}},"14":{"start":{"line":62,"column":8},"end":{"line":62,"column":28}},"15":{"start":{"line":63,"column":8},"end":{"line":63,"column":31}},"16":{"start":{"line":64,"column":8},"end":{"line":81,"column":9}},"17":{"start":{"line":65,"column":33},"end":{"line":67,"column":13}},"18":{"start":{"line":66,"column":25},"end":{"line":66,"column":77}},"19":{"start":{"line":68,"column":12},"end":{"line":73,"column":14}},"20":{"start":{"line":71,"column":29},"end":{"line":71,"column":78}},"21":{"start":{"line":74,"column":12},"end":{"line":80,"column":14}},"22":{"start":{"line":78,"column":24},"end":{"line":78,"column":76}},"23":{"start":{"line":82,"column":8},"end":{"line":82,"column":23}}},"fnMap":{"0":{"name":"processMenu","decl":{"start":{"line":22,"column":24},"end":{"line":22,"column":35}},"loc":{"start":{"line":22,"column":49},"end":{"line":84,"column":1}},"line":22},"1":{"name":"(anonymous_1)","decl":{"start":{"line":46,"column":12},"end":{"line":46,"column":13}},"loc":{"start":{"line":47,"column":16},"end":{"line":49,"column":64}},"line":47},"2":{"name":"(anonymous_2)","decl":{"start":{"line":66,"column":16},"end":{"line":66,"column":17}},"loc":{"start":{"line":66,"column":25},"end":{"line":66,"column":77}},"line":66},"3":{"name":"(anonymous_3)","decl":{"start":{"line":71,"column":20},"end":{"line":71,"column":21}},"loc":{"start":{"line":71,"column":29},"end":{"line":71,"column":78}},"line":71},"4":{"name":"(anonymous_4)","decl":{"start":{"line":77,"column":20},"end":{"line":77,"column":21}},"loc":{"start":{"line":78,"column":24},"end":{"line":78,"column":76}},"line":78}},"branchMap":{"0":{"loc":{"start":{"line":24,"column":4},"end":{"line":26,"column":5}},"type":"if","locations":[{"start":{"line":24,"column":4},"end":{"line":26,"column":5}},{"start":{"line":24,"column":4},"end":{"line":26,"column":5}}],"line":24},"1":{"loc":{"start":{"line":24,"column":8},"end":{"line":24,"column":72}},"type":"binary-expr","locations":[{"start":{"line":24,"column":8},"end":{"line":24,"column":13}},{"start":{"line":24,"column":17},"end":{"line":24,"column":27}},{"start":{"line":24,"column":31},"end":{"line":24,"column":48}},{"start":{"line":24,"column":52},"end":{"line":24,"column":72}}],"line":24},"2":{"loc":{"start":{"line":44,"column":4},"end":{"line":83,"column":5}},"type":"if","locations":[{"start":{"line":44,"column":4},"end":{"line":83,"column":5}},{"start":{"line":44,"column":4},"end":{"line":83,"column":5}}],"line":44},"3":{"loc":{"start":{"line":47,"column":16},"end":{"line":49,"column":64}},"type":"binary-expr","locations":[{"start":{"line":47,"column":16},"end":{"line":48,"column":30}},{"start":{"line":49,"column":16},"end":{"line":49,"column":64}}],"line":47},"4":{"loc":{"start":{"line":52,"column":8},"end":{"line":56,"column":9}},"type":"if","locations":[{"start":{"line":52,"column":8},"end":{"line":56,"column":9}},{"start":{"line":52,"column":8},"end":{"line":56,"column":9}}],"line":52}},"s":{"0":5,"1":1,"2":4,"3":4,"4":4,"5":4,"6":2,"7":6,"8":2,"9":2,"10":1,"11":1,"12":2,"13":2,"14":2,"15":2,"16":2,"17":10,"18":30,"19":10,"20":6,"21":10,"22":6,"23":2},"f":{"0":5,"1":6,"2":30,"3":6,"4":6},"b":{"0":[1,4],"1":[5,5,5,4],"2":[2,2],"3":[6,1],"4":[1,1]},"_coverageSchema":"43e27e138ebf9cfc5966b082cf9a028302ed4184","hash":"948d07d2a56db75fbdd2ced4941dfa800ee7527b"}
,"/Users/sanat/Diningv2/server/tst/LocationsRouter/responses.js": {"path":"/Users/sanat/Diningv2/server/tst/LocationsRouter/responses.js","statementMap":{"0":{"start":{"line":2,"column":31},"end":{"line":20,"column":1}},"1":{"start":{"line":22,"column":28},"end":{"line":479,"column":1}},"2":{"start":{"line":481,"column":32},"end":{"line":484,"column":1}},"3":{"start":{"line":486,"column":27},"end":{"line":503,"column":1}},"4":{"start":{"line":505,"column":37},"end":{"line":522,"column":1}},"5":{"start":{"line":523,"column":40},"end":{"line":540,"column":1}},"6":{"start":{"line":541,"column":25},"end":{"line":558,"column":1}},"7":{"start":{"line":559,"column":26},"end":{"line":576,"column":1}},"8":{"start":{"line":578,"column":30},"end":{"line":583,"column":1}},"9":{"start":{"line":585,"column":26},"end":{"line":585,"column":72}},"10":{"start":{"line":587,"column":25},"end":{"line":587,"column":59}},"11":{"start":{"line":591,"column":35},"end":{"line":611,"column":1}},"12":{"start":{"line":613,"column":38},"end":{"line":623,"column":1}},"13":{"start":{"line":625,"column":37},"end":{"line":632,"column":1}},"14":{"start":{"line":634,"column":38},"end":{"line":641,"column":1}},"15":{"start":{"line":643,"column":44},"end":{"line":646,"column":1}}},"fnMap":{},"branchMap":{},"s":{"0":4,"1":4,"2":4,"3":4,"4":4,"5":4,"6":4,"7":4,"8":4,"9":4,"10":4,"11":4,"12":4,"13":4,"14":4,"15":4},"f":{},"b":{},"_coverageSchema":"43e27e138ebf9cfc5966b082cf9a028302ed4184","hash":"3449593019821930a3561f41306789290a96a1a8"}
,"/Users/sanat/Diningv2/server/tst/MenusRouter/responses.js": {"path":"/Users/sanat/Diningv2/server/tst/MenusRouter/responses.js","statementMap":{"0":{"start":{"line":2,"column":23},"end":{"line":19,"column":1}},"1":{"start":{"line":21,"column":32},"end":{"line":38,"column":1}},"2":{"start":{"line":39,"column":25},"end":{"line":56,"column":1}},"3":{"start":{"line":57,"column":26},"end":{"line":74,"column":1}},"4":{"start":{"line":76,"column":30},"end":{"line":76,"column":71}},"5":{"start":{"line":78,"column":26},"end":{"line":78,"column":68}},"6":{"start":{"line":80,"column":25},"end":{"line":80,"column":55}},"7":{"start":{"line":82,"column":39},"end":{"line":82,"column":73}},"8":{"start":{"line":84,"column":44},"end":{"line":89,"column":1}},"9":{"start":{"line":91,"column":33},"end":{"line":93,"column":1}},"10":{"start":{"line":94,"column":32},"end":{"line":96,"column":1}},"11":{"start":{"line":97,"column":26},"end":{"line":99,"column":1}},"12":{"start":{"line":100,"column":25},"end":{"line":102,"column":1}},"13":{"start":{"line":103,"column":26},"end":{"line":105,"column":1}},"14":{"start":{"line":107,"column":37},"end":{"line":125,"column":1}},"15":{"start":{"line":127,"column":25},"end":{"line":145,"column":1}},"16":{"start":{"line":146,"column":31},"end":{"line":146,"column":33}},"17":{"start":{"line":147,"column":40},"end":{"line":149,"column":1}},"18":{"start":{"line":151,"column":26},"end":{"line":169,"column":1}},"19":{"start":{"line":170,"column":32},"end":{"line":172,"column":1}},"20":{"start":{"line":174,"column":29},"end":{"line":192,"column":1}},"21":{"start":{"line":193,"column":35},"end":{"line":195,"column":1}},"22":{"start":{"line":199,"column":46},"end":{"line":203,"column":1}},"23":{"start":{"line":205,"column":55},"end":{"line":208,"column":1}},"24":{"start":{"line":210,"column":40},"end":{"line":228,"column":1}},"25":{"start":{"line":230,"column":41},"end":{"line":282,"column":1}},"26":{"start":{"line":284,"column":31},"end":{"line":287,"column":1}}},"fnMap":{},"branchMap":{},"s":{"0":5,"1":5,"2":5,"3":5,"4":5,"5":5,"6":5,"7":5,"8":5,"9":5,"10":5,"11":5,"12":5,"13":5,"14":5,"15":5,"16":5,"17":5,"18":5,"19":5,"20":5,"21":5,"22":5,"23":5,"24":5,"25":5,"26":5},"f":{},"b":{},"_coverageSchema":"43e27e138ebf9cfc5966b082cf9a028302ed4184","hash":"2038f51c6eafcf64d901d4e8a5beeb17223affe8"}
,"/Users/sanat/Diningv2/server/tst/config/menuItemResponses.js": {"path":"/Users/sanat/Diningv2/server/tst/config/menuItemResponses.js","statementMap":{"0":{"start":{"line":1,"column":29},"end":{"line":1,"column":211}},"1":{"start":{"line":2,"column":26},"end":{"line":2,"column":216}},"2":{"start":{"line":3,"column":30},"end":{"line":3,"column":61}},"3":{"start":{"line":5,"column":31},"end":{"line":5,"column":171}},"4":{"start":{"line":6,"column":28},"end":{"line":6,"column":192}},"5":{"start":{"line":7,"column":32},"end":{"line":7,"column":304}},"6":{"start":{"line":9,"column":36},"end":{"line":9,"column":209}},"7":{"start":{"line":10,"column":32},"end":{"line":10,"column":58}},"8":{"start":{"line":12,"column":35},"end":{"line":12,"column":90}},"9":{"start":{"line":13,"column":32},"end":{"line":13,"column":81}},"10":{"start":{"line":14,"column":36},"end":{"line":14,"column":91}},"11":{"start":{"line":16,"column":39},"end":{"line":29,"column":1}},"12":{"start":{"line":31,"column":36},"end":{"line":40,"column":1}}},"fnMap":{},"branchMap":{},"s":{"0":3,"1":3,"2":3,"3":3,"4":3,"5":3,"6":3,"7":3,"8":3,"9":3,"10":3,"11":3,"12":3},"f":{},"b":{},"_coverageSchema":"43e27e138ebf9cfc5966b082cf9a028302ed4184","hash":"c24846cfc713b5d5a5b0be8f56b8def08298145e"}
}
