TN:
SF:/Users/sanat/Diningv2/src/config/diningHallHours.js
FNF:0
FNH:0
DA:1,4
DA:29,4
DA:57,4
DA:85,4
DA:113,4
DA:141,4
DA:169,4
DA:197,4
DA:225,4
DA:253,4
DA:281,4
DA:309,4
DA:337,4
DA:365,4
DA:393,4
DA:421,4
DA:449,4
LF:17
LH:17
BRF:0
BRH:0
end_of_record
TN:
SF:/Users/sanat/Diningv2/src/config/filters.js
FNF:0
FNH:0
DA:2,2
LF:1
LH:1
BRF:0
BRH:0
end_of_record
TN:
SF:/Users/sanat/Diningv2/src/config/locations.js
FNF:0
FNH:0
DA:1,7
LF:1
LH:1
BRF:0
BRH:0
end_of_record
TN:
SF:/Users/sanat/Diningv2/src/config/mealNames.js
FNF:0
FNH:0
DA:1,8
LF:1
LH:1
BRF:0
BRH:0
end_of_record
TN:
SF:/Users/sanat/Diningv2/src/config/monthName.js
FNF:0
FNH:0
DA:1,8
LF:1
LH:1
BRF:0
BRH:0
end_of_record
TN:
SF:/Users/sanat/Diningv2/src/routers/LocationsRouter/getHours.js
FN:10,getHours
FN:28,(anonymous_1)
FN:33,(anonymous_2)
FNF:3
FNH:3
FNDA:5,getHours
FNDA:8,(anonymous_1)
FNDA:20,(anonymous_2)
DA:8,4
DA:11,5
DA:12,5
DA:13,4
DA:15,3
DA:16,1
DA:19,2
DA:21,2
DA:27,2
DA:28,8
DA:30,2
DA:31,2
DA:32,10
DA:33,20
DA:35,10
DA:48,2
LF:16
LH:16
BRDA:15,0,0,1
BRDA:15,0,1,2
BRDA:15,1,0,3
BRDA:15,1,1,3
BRDA:15,1,2,3
BRDA:15,1,3,2
BRDA:35,2,0,4
BRDA:35,2,1,6
BRF:8
BRH:8
end_of_record
TN:
SF:/Users/sanat/Diningv2/src/routers/LocationsRouter/getLocations.js
FN:8,getLocations
FNF:1
FNH:1
FNDA:3,getLocations
DA:6,1
DA:9,3
DA:10,2
DA:11,1
LF:4
LH:4
BRF:0
BRH:0
end_of_record
TN:
SF:/Users/sanat/Diningv2/src/routers/LocationsRouter/getOneLocation.js
FN:3,getOneLocation
FN:5,(anonymous_1)
FN:19,(anonymous_2)
FNF:3
FNH:3
FNDA:4,getOneLocation
FNDA:96,(anonymous_1)
FNDA:4,(anonymous_2)
DA:4,4
DA:5,96
DA:7,4
DA:8,3
DA:9,3
DA:19,4
DA:22,1
LF:7
LH:7
BRDA:7,0,0,3
BRDA:7,0,1,1
BRDA:13,1,0,1
BRDA:13,1,1,1
BRF:4
BRH:4
end_of_record
TN:
SF:/Users/sanat/Diningv2/src/routers/LocationsRouter/processLocations.js
FN:4,processLocations
FNF:1
FNH:1
FNDA:5,processLocations
DA:6,5
DA:7,1
DA:10,4
DA:11,2
DA:13,2
DA:14,2
DA:15,2
DA:16,2
DA:17,32
DA:18,32
DA:19,32
DA:21,30
DA:22,30
DA:30,30
DA:31,1
DA:37,1
LF:16
LH:16
BRDA:6,0,0,1
BRDA:6,0,1,4
BRDA:6,1,0,5
BRDA:6,1,1,5
BRDA:6,1,2,4
BRDA:6,1,3,4
BRDA:10,2,0,2
BRDA:10,2,1,2
BRDA:30,3,0,1
BRDA:30,3,1,29
BRF:10
BRH:10
end_of_record
TN:
SF:/Users/sanat/Diningv2/src/routers/MenuItemsRouter/getMenuIdInfo.js
FN:19,getMenuIdInfo
FNF:1
FNH:1
FNDA:4,getMenuIdInfo
DA:5,1
DA:6,1
DA:7,1
DA:20,4
DA:21,4
DA:22,4
DA:23,4
DA:24,4
DA:25,3
DA:26,3
DA:27,3
DA:28,1
DA:31,3
LF:13
LH:13
BRF:0
BRH:0
end_of_record
TN:
SF:/Users/sanat/Diningv2/src/routers/MenuItemsRouter/parseMenuItemData.js
FN:19,parseMenuItemData
FN:41,(anonymous_1)
FNF:2
FNH:2
FNDA:4,parseMenuItemData
FNDA:14,(anonymous_1)
DA:21,4
DA:22,1
DA:24,3
DA:25,1
DA:27,2
DA:28,1
DA:32,1
DA:33,1
DA:34,9
DA:39,1
DA:40,1
DA:41,14
DA:43,1
LF:13
LH:13
BRDA:21,0,0,1
BRDA:21,0,1,3
BRDA:21,1,0,4
BRDA:21,1,1,4
BRDA:21,1,2,3
BRDA:21,1,3,3
BRDA:24,2,0,1
BRDA:24,2,1,2
BRDA:24,3,0,3
BRDA:24,3,1,3
BRDA:24,3,2,2
BRDA:24,3,3,2
BRDA:27,4,0,1
BRDA:27,4,1,1
BRDA:27,5,0,2
BRDA:27,5,1,2
BRDA:27,5,2,1
BRDA:27,5,3,1
BRDA:41,6,0,5
BRDA:41,6,1,9
BRF:20
BRH:20
end_of_record
TN:
SF:/Users/sanat/Diningv2/src/routers/MenuItemsRouter/parseNutritionInfo.js
FN:11,parseNutritionInfo
FNF:1
FNH:1
FNDA:2,parseNutritionInfo
DA:12,2
DA:13,1
DA:14,1
LF:3
LH:3
BRDA:12,0,0,1
BRDA:12,0,1,1
BRDA:12,1,0,2
BRDA:12,1,1,2
BRF:4
BRH:4
end_of_record
TN:
SF:/Users/sanat/Diningv2/src/routers/MenusRouter/getAllMenus.js
FN:19,getAllMenus
FN:27,(anonymous_1)
FN:46,(anonymous_2)
FN:48,(anonymous_3)
FNF:4
FNH:4
FNDA:4,getAllMenus
FNDA:8,(anonymous_1)
FNDA:5,(anonymous_2)
FNDA:7,(anonymous_3)
DA:20,4
DA:21,4
DA:22,4
DA:23,4
DA:24,64
DA:25,64
DA:26,64
DA:27,9
DA:29,55
DA:30,55
DA:38,55
DA:39,1
DA:43,3
DA:45,2
DA:47,5
DA:49,7
DA:53,1
LF:17
LH:17
BRDA:38,0,0,1
BRDA:38,0,1,54
BRDA:43,1,0,2
BRDA:43,1,1,1
BRDA:49,2,0,7
BRDA:49,2,1,5
BRF:6
BRH:6
end_of_record
TN:
SF:/Users/sanat/Diningv2/src/routers/MenusRouter/getMenuItemList.js
FN:14,getMenuItemList
FN:16,(anonymous_1)
FN:26,(anonymous_2)
FN:28,(anonymous_3)
FN:31,(anonymous_4)
FNF:5
FNH:5
FNDA:4,getMenuItemList
FNDA:10,(anonymous_1)
FNDA:10,(anonymous_2)
FNDA:9,(anonymous_3)
FNDA:18,(anonymous_4)
DA:16,4
DA:17,10
DA:25,4
DA:26,10
DA:29,9
DA:32,18
DA:36,4
LF:7
LH:7
BRDA:17,0,0,1
BRDA:17,0,1,9
BRDA:17,1,0,10
BRDA:17,1,1,10
BRDA:32,2,0,18
BRDA:32,2,1,9
BRDA:36,3,0,3
BRDA:36,3,1,1
BRF:8
BRH:8
end_of_record
TN:
SF:/Users/sanat/Diningv2/src/routers/MenusRouter/getMenus.js
FN:4,getMenus
FNF:1
FNH:1
FNDA:3,getMenus
DA:5,3
DA:6,2
DA:7,2
DA:9,1
DA:10,1
LF:5
LH:5
BRDA:5,0,0,2
BRDA:5,0,1,1
BRDA:5,1,0,3
BRDA:5,1,1,2
BRF:4
BRH:4
end_of_record
TN:
SF:/Users/sanat/Diningv2/src/routers/MenusRouter/getOneMenu.js
FN:19,getOneMenu
FNF:1
FNH:1
FNDA:4,getOneMenu
DA:5,3
DA:20,4
DA:21,4
DA:22,3
LF:4
LH:4
BRF:0
BRH:0
end_of_record
TN:
SF:/Users/sanat/Diningv2/src/routers/MenusRouter/processMenu.js
FN:22,processMenu
FN:46,(anonymous_1)
FN:66,(anonymous_2)
FN:71,(anonymous_3)
FN:77,(anonymous_4)
FNF:5
FNH:5
FNDA:5,processMenu
FNDA:6,(anonymous_1)
FNDA:30,(anonymous_2)
FNDA:6,(anonymous_3)
FNDA:6,(anonymous_4)
DA:24,5
DA:25,1
DA:28,4
DA:30,4
DA:37,4
DA:44,4
DA:45,2
DA:47,6
DA:51,2
DA:52,2
DA:53,1
DA:55,1
DA:60,2
DA:61,2
DA:62,2
DA:63,2
DA:64,2
DA:65,10
DA:66,30
DA:68,10
DA:71,6
DA:74,10
DA:78,6
DA:82,2
LF:24
LH:24
BRDA:24,0,0,1
BRDA:24,0,1,4
BRDA:24,1,0,5
BRDA:24,1,1,5
BRDA:24,1,2,5
BRDA:24,1,3,4
BRDA:44,2,0,2
BRDA:44,2,1,2
BRDA:47,3,0,6
BRDA:47,3,1,1
BRDA:52,4,0,1
BRDA:52,4,1,1
BRF:12
BRH:12
end_of_record
TN:
SF:/Users/sanat/Diningv2/tst/LocationsRouter/responses.js
FNF:0
FNH:0
DA:2,4
DA:22,4
DA:481,4
DA:486,4
DA:505,4
DA:523,4
DA:541,4
DA:559,4
DA:578,4
DA:585,4
DA:587,4
DA:591,4
DA:613,4
DA:625,4
DA:634,4
DA:643,4
LF:16
LH:16
BRF:0
BRH:0
end_of_record
TN:
SF:/Users/sanat/Diningv2/tst/MenusRouter/responses.js
FNF:0
FNH:0
DA:2,5
DA:21,5
DA:39,5
DA:57,5
DA:76,5
DA:78,5
DA:80,5
DA:82,5
DA:84,5
DA:91,5
DA:94,5
DA:97,5
DA:100,5
DA:103,5
DA:107,5
DA:127,5
DA:146,5
DA:147,5
DA:151,5
DA:170,5
DA:174,5
DA:193,5
DA:199,5
DA:205,5
DA:210,5
DA:230,5
DA:284,5
LF:27
LH:27
BRF:0
BRH:0
end_of_record
TN:
SF:/Users/sanat/Diningv2/tst/config/menuItemResponses.js
FNF:0
FNH:0
DA:1,3
DA:2,3
DA:3,3
DA:5,3
DA:6,3
DA:7,3
DA:9,3
DA:10,3
DA:12,3
DA:13,3
DA:14,3
DA:16,3
DA:31,3
LF:13
LH:13
BRF:0
BRH:0
end_of_record
